Using pre-set license
Built from '2020.3/staging' branch; Version is '2020.3.40f1 (ba48d4efcef1) revision 12208340'; Using compiler version '192528614'; Build Type 'Release'
OS: 'Windows 10  (10.0.19045) 64bit Professional' Language: 'en' Physical Memory: 16275 MB
BatchMode: 1, IsHumanControllingUs: 0, StartBugReporterOnCrash: 0, Is64bit: 1, IsPro: 0

COMMAND LINE ARGUMENTS:
C:\Program Files\Unity\Hub\Editor\2020.3.40f1\Editor\Unity.exe
-adb2
-batchMode
-noUpm
-name
AssetImportWorker0
-projectPath
C:/Users/aminq/Desktop/2dPlatformer/2dPlatformer
-logFile
Logs/AssetImportWorker0.log
-srvPort
63881
Successfully changed project path to: C:/Users/aminq/Desktop/2dPlatformer/2dPlatformer
C:/Users/aminq/Desktop/2dPlatformer/2dPlatformer
Using Asset Import Pipeline V2.
Refreshing native plugins compatible for Editor in 292.21 ms, found 3 plugins.
Preloading 0 native plugins for Editor in 0.00 ms.
Initialize engine version: 2020.3.40f1 (ba48d4efcef1)
[Subsystems] Discovering subsystems at path C:/Program Files/Unity/Hub/Editor/2020.3.40f1/Editor/Data/Resources/UnitySubsystems
[Subsystems] Discovering subsystems at path C:/Users/aminq/Desktop/2dPlatformer/2dPlatformer/Assets
GfxDevice: creating device client; threaded=0
Direct3D:
    Version:  Direct3D 11.0 [level 11.1]
    Renderer: Intel(R) HD Graphics 520 (ID=0x1916)
    Vendor:   
    VRAM:     8137 MB
    Driver:   30.0.101.1338
Initialize mono
Mono path[0] = 'C:/Program Files/Unity/Hub/Editor/2020.3.40f1/Editor/Data/Managed'
Mono path[1] = 'C:/Program Files/Unity/Hub/Editor/2020.3.40f1/Editor/Data/MonoBleedingEdge/lib/mono/unityjit'
Mono config path = 'C:/Program Files/Unity/Hub/Editor/2020.3.40f1/Editor/Data/MonoBleedingEdge/etc'
Using monoOptions --debugger-agent=transport=dt_socket,embedding=1,server=y,suspend=n,address=127.0.0.1:56256
Begin MonoManager ReloadAssembly
Registering precompiled unity dll's ...
Register platform support module: C:/Program Files/Unity/Hub/Editor/2020.3.40f1/Editor/Data/PlaybackEngines/WebGLSupport/UnityEditor.WebGL.Extensions.dll
Register platform support module: C:/Program Files/Unity/Hub/Editor/2020.3.40f1/Editor/Data/PlaybackEngines/MacStandaloneSupport/UnityEditor.OSXStandalone.Extensions.dll
Register platform support module: C:/Program Files/Unity/Hub/Editor/2020.3.40f1/Editor/Data/PlaybackEngines/WindowsStandaloneSupport/UnityEditor.WindowsStandalone.Extensions.dll
Registered in 0.620218 seconds.
Native extension for WindowsStandalone target not found
Native extension for OSXStandalone target not found
Native extension for WebGL target not found
Refreshing native plugins compatible for Editor in 82.35 ms, found 3 plugins.
Preloading 0 native plugins for Editor in 0.00 ms.
Mono: successfully reloaded assembly
- Completed reload, in  8.112 seconds
Domain Reload Profiling:
	ReloadAssembly (8113ms)
		BeginReloadAssembly (5756ms)
			ExecutionOrderSort (0ms)
			DisableScriptedObjects (0ms)
			BackupInstance (0ms)
			ReleaseScriptingObjects (0ms)
			CreateAndSetChildDomain (1ms)
		EndReloadAssembly (1416ms)
			LoadAssemblies (5777ms)
			RebuildTransferFunctionScriptingTraits (0ms)
			SetupTypeCache (911ms)
			ReleaseScriptCaches (0ms)
			RebuildScriptCaches (47ms)
			SetupLoadedEditorAssemblies (278ms)
				LogAssemblyErrors (0ms)
				InitializePlatformSupportModulesInManaged (9ms)
				SetLoadedEditorAssemblies (0ms)
				RefreshPlugins (82ms)
				BeforeProcessingInitializeOnLoad (24ms)
				ProcessInitializeOnLoadAttributes (115ms)
				ProcessInitializeOnLoadMethodAttributes (47ms)
				AfterProcessingInitializeOnLoad (0ms)
				EditorAssembliesLoaded (0ms)
			ExecutionOrderSort2 (0ms)
			AwakeInstancesAfterBackupRestoration (0ms)
Platform modules already initialized, skipping
Registering precompiled user dll's ...
Registered in 0.886237 seconds.
Begin MonoManager ReloadAssembly
Native extension for WindowsStandalone target not found
Native extension for OSXStandalone target not found
Native extension for WebGL target not found
Refreshing native plugins compatible for Editor in 87.26 ms, found 3 plugins.
Preloading 0 native plugins for Editor in 0.00 ms.
Mono: successfully reloaded assembly
- Completed reload, in 10.142 seconds
Domain Reload Profiling:
	ReloadAssembly (10156ms)
		BeginReloadAssembly (239ms)
			ExecutionOrderSort (0ms)
			DisableScriptedObjects (6ms)
			BackupInstance (0ms)
			ReleaseScriptingObjects (0ms)
			CreateAndSetChildDomain (27ms)
		EndReloadAssembly (9823ms)
			LoadAssemblies (6004ms)
			RebuildTransferFunctionScriptingTraits (0ms)
			SetupTypeCache (1348ms)
			ReleaseScriptCaches (1ms)
			RebuildScriptCaches (77ms)
			SetupLoadedEditorAssemblies (2205ms)
				LogAssemblyErrors (0ms)
				InitializePlatformSupportModulesInManaged (8ms)
				SetLoadedEditorAssemblies (0ms)
				RefreshPlugins (87ms)
				BeforeProcessingInitializeOnLoad (144ms)
				ProcessInitializeOnLoadAttributes (406ms)
				ProcessInitializeOnLoadMethodAttributes (1539ms)
				AfterProcessingInitializeOnLoad (19ms)
				EditorAssembliesLoaded (1ms)
			ExecutionOrderSort2 (0ms)
			AwakeInstancesAfterBackupRestoration (5ms)
Platform modules already initialized, skipping
========================================================================
Worker process is ready to serve import requests
Launched and connected shader compiler UnityShaderCompiler.exe after 0.14 seconds
Refreshing native plugins compatible for Editor in 1.31 ms, found 3 plugins.
Preloading 0 native plugins for Editor in 0.00 ms.
Unloading 2635 Unused Serialized files (Serialized files now loaded: 0)
System memory in use before: 113.9 MB.
System memory in use after: 114.0 MB.

Unloading 34 unused Assets to reduce memory usage. Loaded Objects now: 3070.
Total: 6.694100 ms (FindLiveObjects: 0.309300 ms CreateObjectMapping: 0.250900 ms MarkObjects: 5.929600 ms  DeleteObjects: 0.202400 ms)

AssetImportParameters requested are different than current active one (requested -> active):
  custom:framework-win-MediaFoundation: 216162199b28c13a410421893ffa2e32 -> 
  custom:video-decoder-ogg-theora: a1e56fd34408186e4bbccfd4996cb3dc -> 
  custom:container-muxer-webm: aa71ff27fc2769a1b78a27578f13a17b -> 
  custom:container-demuxer-webm: 4f35f7cbe854078d1ac9338744f61a02 -> 
  custom:container-demuxer-ogg: 62fdf1f143b41e24485cea50d1cbac27 -> 
  custom:video-encoder-webm-vp8: eb34c28f22e8b96e1ab97ce403110664 -> 
  custom:video-decoder-webm-vp8: 9c59270c3fd7afecdb556c50c9e8de78 -> 
  custom:audio-decoder-ogg-vorbis: bf7c407c2cedff20999df2af8eb42d56 -> 
  custom:audio-encoder-webm-vorbis: bf7c407c2cedff20999df2af8eb42d56 -> 
========================================================================
Received Import Request.
  path: Assets/Scripts/Environment
  artifactKey: Guid(d80a998d00b9ea5428e9506dc966d0af) Importer(815301076,1909f56bfc062723c751e8b465ee728b)
Start importing Assets/Scripts/Environment using Guid(d80a998d00b9ea5428e9506dc966d0af) Importer(815301076,1909f56bfc062723c751e8b465ee728b)  -> (artifact id: '05f6081936a05da7ed17759bac9f0ff0') in 0.030406 seconds 
========================================================================
Received Import Request.
  Time since last request: 0.000360 seconds.
  path: Assets/Scripts/Utility/GameManager.cs
  artifactKey: Guid(cba48a641e7263d448df21f15f8770d2) Importer(815301076,1909f56bfc062723c751e8b465ee728b)
Start importing Assets/Scripts/Utility/GameManager.cs using Guid(cba48a641e7263d448df21f15f8770d2) Importer(815301076,1909f56bfc062723c751e8b465ee728b)  -> (artifact id: '8d26b54387f52c4272e6e939cb39bd04') in 0.103173 seconds 
========================================================================
Received Import Request.
  Time since last request: 490.561635 seconds.
  path: Assets/Scripts/UI/UIManager.cs
  artifactKey: Guid(1180636e0c9d2c14fb8dbba577f09731) Importer(815301076,1909f56bfc062723c751e8b465ee728b)
Start importing Assets/Scripts/UI/UIManager.cs using Guid(1180636e0c9d2c14fb8dbba577f09731) Importer(815301076,1909f56bfc062723c751e8b465ee728b)  -> (artifact id: 'cbd7deefe1d64dedb4a813dbf363946e') in 0.029663 seconds 
========================================================================
Received Import Request.
  Time since last request: 621.929348 seconds.
  path: Assets/Scripts/UI/UIelement/ScoreDisplay.cs
  artifactKey: Guid(14346f8fcc871204299029fedba2a3eb) Importer(815301076,1909f56bfc062723c751e8b465ee728b)
Start importing Assets/Scripts/UI/UIelement/ScoreDisplay.cs using Guid(14346f8fcc871204299029fedba2a3eb) Importer(815301076,1909f56bfc062723c751e8b465ee728b)  -> (artifact id: '7a12dd079d8d48fd504878b146d9352f') in 0.032072 seconds 
========================================================================
Received Import Request.
  Time since last request: 3619.088896 seconds.
  path: Assets/Scripts/Health&Damage/Health.cs
  artifactKey: Guid(bfd127b36b1c82f4da6b98d59c6f16f9) Importer(815301076,1909f56bfc062723c751e8b465ee728b)
Start importing Assets/Scripts/Health&Damage/Health.cs using Guid(bfd127b36b1c82f4da6b98d59c6f16f9) Importer(815301076,1909f56bfc062723c751e8b465ee728b)  -> (artifact id: '0440c6358aefda59d3df5beee98f764c') in 0.039962 seconds 
========================================================================
Received Import Request.
  Time since last request: 1875.827652 seconds.
  path: Assets/Scripts/UI/UIelement/ScoreDisplay.cs
  artifactKey: Guid(14346f8fcc871204299029fedba2a3eb) Importer(815301076,1909f56bfc062723c751e8b465ee728b)
Start importing Assets/Scripts/UI/UIelement/ScoreDisplay.cs using Guid(14346f8fcc871204299029fedba2a3eb) Importer(815301076,1909f56bfc062723c751e8b465ee728b)  -> (artifact id: '4686f9ec6635b4fa295c4e71bb0c405b') in 0.030113 seconds 
========================================================================
Received Import Request.
  Time since last request: 2.928703 seconds.
  path: Assets/Scripts/UI/UIelement/ScoreDisplay1.cs
  artifactKey: Guid(b9a6aa50ed07b114786c37a2bbb6dafc) Importer(815301076,1909f56bfc062723c751e8b465ee728b)
Start importing Assets/Scripts/UI/UIelement/ScoreDisplay1.cs using Guid(b9a6aa50ed07b114786c37a2bbb6dafc) Importer(815301076,1909f56bfc062723c751e8b465ee728b)  -> (artifact id: '8b829436c5078220b827904d6e93d151') in 0.060842 seconds 
========================================================================
Received Import Request.
  Time since last request: 8.560239 seconds.
  path: Assets/Scripts/UI/UIelement/TimeDisplay.cs
  artifactKey: Guid(b9a6aa50ed07b114786c37a2bbb6dafc) Importer(815301076,1909f56bfc062723c751e8b465ee728b)
Start importing Assets/Scripts/UI/UIelement/TimeDisplay.cs using Guid(b9a6aa50ed07b114786c37a2bbb6dafc) Importer(815301076,1909f56bfc062723c751e8b465ee728b)  -> (artifact id: '3dca65525788f1e0b94946f9a0537361') in 0.054280 seconds 
========================================================================
Received Import Request.
  Time since last request: 186.150459 seconds.
  path: Assets/Scripts/UI/UIelement/TimeDisplay.cs
  artifactKey: Guid(b9a6aa50ed07b114786c37a2bbb6dafc) Importer(815301076,1909f56bfc062723c751e8b465ee728b)
Start importing Assets/Scripts/UI/UIelement/TimeDisplay.cs using Guid(b9a6aa50ed07b114786c37a2bbb6dafc) Importer(815301076,1909f56bfc062723c751e8b465ee728b)  -> (artifact id: 'ffdc08dc481b21a027f6baa57fc27621') in 0.017091 seconds 
========================================================================
Received Prepare
Registering precompiled user dll's ...
Registered in 0.005424 seconds.
Begin MonoManager ReloadAssembly
Native extension for WindowsStandalone target not found
Native extension for OSXStandalone target not found
Native extension for WebGL target not found
Refreshing native plugins compatible for Editor in 0.79 ms, found 3 plugins.
Preloading 0 native plugins for Editor in 0.00 ms.
Mono: successfully reloaded assembly
- Completed reload, in  1.819 seconds
Domain Reload Profiling:
	ReloadAssembly (1822ms)
		BeginReloadAssembly (350ms)
			ExecutionOrderSort (0ms)
			DisableScriptedObjects (26ms)
			BackupInstance (0ms)
			ReleaseScriptingObjects (0ms)
			CreateAndSetChildDomain (147ms)
		EndReloadAssembly (1358ms)
			LoadAssemblies (202ms)
			RebuildTransferFunctionScriptingTraits (0ms)
			SetupTypeCache (503ms)
			ReleaseScriptCaches (2ms)
			RebuildScriptCaches (70ms)
			SetupLoadedEditorAssemblies (481ms)
				LogAssemblyErrors (0ms)
				InitializePlatformSupportModulesInManaged (8ms)
				SetLoadedEditorAssemblies (1ms)
				RefreshPlugins (1ms)
				BeforeProcessingInitializeOnLoad (117ms)
				ProcessInitializeOnLoadAttributes (324ms)
				ProcessInitializeOnLoadMethodAttributes (21ms)
				AfterProcessingInitializeOnLoad (9ms)
				EditorAssembliesLoaded (0ms)
			ExecutionOrderSort2 (0ms)
			AwakeInstancesAfterBackupRestoration (6ms)
Platform modules already initialized, skipping
Refreshing native plugins compatible for Editor in 0.72 ms, found 3 plugins.
Preloading 0 native plugins for Editor in 0.00 ms.
Unloading 2629 Unused Serialized files (Serialized files now loaded: 0)
System memory in use before: 114.0 MB.
System memory in use after: 114.1 MB.

Unloading 21 unused Assets to reduce memory usage. Loaded Objects now: 3074.
Total: 5.188000 ms (FindLiveObjects: 0.329100 ms CreateObjectMapping: 0.247800 ms MarkObjects: 4.421100 ms  DeleteObjects: 0.188100 ms)

AssetImportParameters requested are different than current active one (requested -> active):
  custom:framework-win-MediaFoundation: 216162199b28c13a410421893ffa2e32 -> 
  custom:video-decoder-ogg-theora: a1e56fd34408186e4bbccfd4996cb3dc -> 
  custom:container-muxer-webm: aa71ff27fc2769a1b78a27578f13a17b -> 
  custom:container-demuxer-webm: 4f35f7cbe854078d1ac9338744f61a02 -> 
  custom:container-demuxer-ogg: 62fdf1f143b41e24485cea50d1cbac27 -> 
  custom:video-encoder-webm-vp8: eb34c28f22e8b96e1ab97ce403110664 -> 
  custom:video-decoder-webm-vp8: 9c59270c3fd7afecdb556c50c9e8de78 -> 
  custom:audio-decoder-ogg-vorbis: bf7c407c2cedff20999df2af8eb42d56 -> 
  custom:audio-encoder-webm-vorbis: bf7c407c2cedff20999df2af8eb42d56 -> 
========================================================================
Received Import Request.
  Time since last request: 480.718919 seconds.
  path: Assets/Scripts/UI/UIelement/TimeDisplay.cs
  artifactKey: Guid(b9a6aa50ed07b114786c37a2bbb6dafc) Importer(815301076,1909f56bfc062723c751e8b465ee728b)
Start importing Assets/Scripts/UI/UIelement/TimeDisplay.cs using Guid(b9a6aa50ed07b114786c37a2bbb6dafc) Importer(815301076,1909f56bfc062723c751e8b465ee728b)  -> (artifact id: 'fce81709e959611ef69f66490fe54424') in 0.021108 seconds 
========================================================================
Received Prepare
Registering precompiled user dll's ...
Registered in 0.005813 seconds.
Begin MonoManager ReloadAssembly
Native extension for WindowsStandalone target not found
Native extension for OSXStandalone target not found
Native extension for WebGL target not found
Refreshing native plugins compatible for Editor in 0.75 ms, found 3 plugins.
Preloading 0 native plugins for Editor in 0.00 ms.
Mono: successfully reloaded assembly
- Completed reload, in  2.306 seconds
Domain Reload Profiling:
	ReloadAssembly (2307ms)
		BeginReloadAssembly (333ms)
			ExecutionOrderSort (0ms)
			DisableScriptedObjects (9ms)
			BackupInstance (0ms)
			ReleaseScriptingObjects (0ms)
			CreateAndSetChildDomain (149ms)
		EndReloadAssembly (1823ms)
			LoadAssemblies (697ms)
			RebuildTransferFunctionScriptingTraits (0ms)
			SetupTypeCache (427ms)
			ReleaseScriptCaches (1ms)
			RebuildScriptCaches (63ms)
			SetupLoadedEditorAssemblies (551ms)
				LogAssemblyErrors (0ms)
				InitializePlatformSupportModulesInManaged (9ms)
				SetLoadedEditorAssemblies (1ms)
				RefreshPlugins (1ms)
				BeforeProcessingInitializeOnLoad (132ms)
				ProcessInitializeOnLoadAttributes (366ms)
				ProcessInitializeOnLoadMethodAttributes (33ms)
				AfterProcessingInitializeOnLoad (10ms)
				EditorAssembliesLoaded (0ms)
			ExecutionOrderSort2 (0ms)
			AwakeInstancesAfterBackupRestoration (6ms)
Platform modules already initialized, skipping
Refreshing native plugins compatible for Editor in 0.73 ms, found 3 plugins.
Preloading 0 native plugins for Editor in 0.00 ms.
Unloading 2629 Unused Serialized files (Serialized files now loaded: 0)
System memory in use before: 114.1 MB.
System memory in use after: 114.1 MB.

Unloading 21 unused Assets to reduce memory usage. Loaded Objects now: 3077.
Total: 4.658300 ms (FindLiveObjects: 0.283100 ms CreateObjectMapping: 0.244600 ms MarkObjects: 3.944100 ms  DeleteObjects: 0.184500 ms)

AssetImportParameters requested are different than current active one (requested -> active):
  custom:framework-win-MediaFoundation: 216162199b28c13a410421893ffa2e32 -> 
  custom:video-decoder-ogg-theora: a1e56fd34408186e4bbccfd4996cb3dc -> 
  custom:container-muxer-webm: aa71ff27fc2769a1b78a27578f13a17b -> 
  custom:container-demuxer-webm: 4f35f7cbe854078d1ac9338744f61a02 -> 
  custom:container-demuxer-ogg: 62fdf1f143b41e24485cea50d1cbac27 -> 
  custom:video-encoder-webm-vp8: eb34c28f22e8b96e1ab97ce403110664 -> 
  custom:video-decoder-webm-vp8: 9c59270c3fd7afecdb556c50c9e8de78 -> 
  custom:audio-decoder-ogg-vorbis: bf7c407c2cedff20999df2af8eb42d56 -> 
  custom:audio-encoder-webm-vorbis: bf7c407c2cedff20999df2af8eb42d56 -> 
========================================================================
Received Prepare
Registering precompiled user dll's ...
Registered in 0.006693 seconds.
Begin MonoManager ReloadAssembly
Native extension for WindowsStandalone target not found
Native extension for OSXStandalone target not found
Native extension for WebGL target not found
Refreshing native plugins compatible for Editor in 0.97 ms, found 3 plugins.
Preloading 0 native plugins for Editor in 0.00 ms.
Mono: successfully reloaded assembly
- Completed reload, in  2.280 seconds
Domain Reload Profiling:
	ReloadAssembly (2283ms)
		BeginReloadAssembly (804ms)
			ExecutionOrderSort (0ms)
			DisableScriptedObjects (27ms)
			BackupInstance (0ms)
			ReleaseScriptingObjects (0ms)
			CreateAndSetChildDomain (458ms)
		EndReloadAssembly (1373ms)
			LoadAssemblies (224ms)
			RebuildTransferFunctionScriptingTraits (0ms)
			SetupTypeCache (455ms)
			ReleaseScriptCaches (1ms)
			RebuildScriptCaches (69ms)
			SetupLoadedEditorAssemblies (548ms)
				LogAssemblyErrors (0ms)
				InitializePlatformSupportModulesInManaged (9ms)
				SetLoadedEditorAssemblies (1ms)
				RefreshPlugins (1ms)
				BeforeProcessingInitializeOnLoad (135ms)
				ProcessInitializeOnLoadAttributes (372ms)
				ProcessInitializeOnLoadMethodAttributes (22ms)
				AfterProcessingInitializeOnLoad (9ms)
				EditorAssembliesLoaded (0ms)
			ExecutionOrderSort2 (0ms)
			AwakeInstancesAfterBackupRestoration (6ms)
Platform modules already initialized, skipping
Refreshing native plugins compatible for Editor in 0.71 ms, found 3 plugins.
Preloading 0 native plugins for Editor in 0.00 ms.
Unloading 2629 Unused Serialized files (Serialized files now loaded: 0)
System memory in use before: 114.1 MB.
System memory in use after: 114.2 MB.

Unloading 21 unused Assets to reduce memory usage. Loaded Objects now: 3080.
Total: 4.758900 ms (FindLiveObjects: 0.366200 ms CreateObjectMapping: 0.272000 ms MarkObjects: 3.895200 ms  DeleteObjects: 0.223300 ms)

AssetImportParameters requested are different than current active one (requested -> active):
  custom:framework-win-MediaFoundation: 216162199b28c13a410421893ffa2e32 -> 
  custom:video-decoder-ogg-theora: a1e56fd34408186e4bbccfd4996cb3dc -> 
  custom:container-muxer-webm: aa71ff27fc2769a1b78a27578f13a17b -> 
  custom:container-demuxer-webm: 4f35f7cbe854078d1ac9338744f61a02 -> 
  custom:container-demuxer-ogg: 62fdf1f143b41e24485cea50d1cbac27 -> 
  custom:video-encoder-webm-vp8: eb34c28f22e8b96e1ab97ce403110664 -> 
  custom:video-decoder-webm-vp8: 9c59270c3fd7afecdb556c50c9e8de78 -> 
  custom:audio-decoder-ogg-vorbis: bf7c407c2cedff20999df2af8eb42d56 -> 
  custom:audio-encoder-webm-vorbis: bf7c407c2cedff20999df2af8eb42d56 -> 
========================================================================
Received Import Request.
  Time since last request: 324.421606 seconds.
  path: Assets/Art/UI Elements/Backdrop/UIBackdrop.png
  artifactKey: Guid(440c20dec0f2220499038bfec1cf8886) Importer(815301076,1909f56bfc062723c751e8b465ee728b)
Start importing Assets/Art/UI Elements/Backdrop/UIBackdrop.png using Guid(440c20dec0f2220499038bfec1cf8886) Importer(815301076,1909f56bfc062723c751e8b465ee728b)  -> (artifact id: 'dd3fc812d39d27d0834487f6ef251fce') in 0.220257 seconds 
========================================================================
Received Import Request.
  Time since last request: 240.629278 seconds.
  path: Assets/Art/UI Elements
  artifactKey: Guid(f1363dbf5c3f4c645a9052da7984e12e) Importer(815301076,1909f56bfc062723c751e8b465ee728b)
Start importing Assets/Art/UI Elements using Guid(f1363dbf5c3f4c645a9052da7984e12e) Importer(815301076,1909f56bfc062723c751e8b465ee728b)  -> (artifact id: 'fe30eda883581f2ddec325b33ac52ba5') in 0.028613 seconds 
========================================================================
Received Import Request.
  Time since last request: 355.793222 seconds.
  path: Assets/Art/UI Elements/Buttons
  artifactKey: Guid(70c2cd77cb6d54c4f87cc619c6cea168) Importer(815301076,1909f56bfc062723c751e8b465ee728b)
Start importing Assets/Art/UI Elements/Buttons using Guid(70c2cd77cb6d54c4f87cc619c6cea168) Importer(815301076,1909f56bfc062723c751e8b465ee728b)  -> (artifact id: 'b8cca2d3ca0025f74f7b42d2d34485f8') in 0.027664 seconds 
========================================================================
Received Import Request.
  Time since last request: 8.288792 seconds.
  path: Assets/Art/UI Elements/Backdrop/Backdrop.png
  artifactKey: Guid(ae311c3c45ab8034dbfc401956012810) Importer(815301076,1909f56bfc062723c751e8b465ee728b)
Start importing Assets/Art/UI Elements/Backdrop/Backdrop.png using Guid(ae311c3c45ab8034dbfc401956012810) Importer(815301076,1909f56bfc062723c751e8b465ee728b)  -> (artifact id: '41c5ba04c32d7c08bb39f9b04eb7b8c5') in 0.064744 seconds 
========================================================================
Received Import Request.
  Time since last request: 35.987114 seconds.
  path: Assets/Art/UI Elements/Backdrop/Backdrop.png
  artifactKey: Guid(ae311c3c45ab8034dbfc401956012810) Importer(815301076,1909f56bfc062723c751e8b465ee728b)
Start importing Assets/Art/UI Elements/Backdrop/Backdrop.png using Guid(ae311c3c45ab8034dbfc401956012810) Importer(815301076,1909f56bfc062723c751e8b465ee728b)  -> (artifact id: '19c29c331612853f46955ce6403f53d3') in 0.046527 seconds 
========================================================================
Received Import Request.
  Time since last request: 8.728977 seconds.
  path: Assets/Art/UI Elements/Backdrop/Backdrop.png
  artifactKey: Guid(ae311c3c45ab8034dbfc401956012810) Importer(815301076,1909f56bfc062723c751e8b465ee728b)
Start importing Assets/Art/UI Elements/Backdrop/Backdrop.png using Guid(ae311c3c45ab8034dbfc401956012810) Importer(815301076,1909f56bfc062723c751e8b465ee728b)  -> (artifact id: 'e13d8669dd80ca7a82a9c8f649a4ad85') in 0.050100 seconds 
========================================================================
Received Import Request.
  Time since last request: 25.446630 seconds.
  path: Assets/Art/UI Elements/Backdrop/UIBackdrop.png
  artifactKey: Guid(ae311c3c45ab8034dbfc401956012810) Importer(815301076,1909f56bfc062723c751e8b465ee728b)
Start importing Assets/Art/UI Elements/Backdrop/UIBackdrop.png using Guid(ae311c3c45ab8034dbfc401956012810) Importer(815301076,1909f56bfc062723c751e8b465ee728b)  -> (artifact id: '892bbed14b9bd8619bccdcdcd4b40fc3') in 0.043084 seconds 
========================================================================
Received Import Request.
  Time since last request: 482.373174 seconds.
  path: Assets/_Scenes/MainMenu.unity
  artifactKey: Guid(3efd518aa85978540aca7c655bb88581) Importer(815301076,1909f56bfc062723c751e8b465ee728b)
Start importing Assets/_Scenes/MainMenu.unity using Guid(3efd518aa85978540aca7c655bb88581) Importer(815301076,1909f56bfc062723c751e8b465ee728b)  -> (artifact id: '39da3dd4780b55f01165ba477fff22c9') in 0.025049 seconds 
========================================================================
Received Import Request.
  Time since last request: 134.818339 seconds.
  path: Assets/Prefabs/UI/Canvases/Game UI Canvas.prefab
  artifactKey: Guid(6b278329ac77eb7438a3ac3a58e97860) Importer(815301076,1909f56bfc062723c751e8b465ee728b)
Start importing Assets/Prefabs/UI/Canvases/Game UI Canvas.prefab using Guid(6b278329ac77eb7438a3ac3a58e97860) Importer(815301076,1909f56bfc062723c751e8b465ee728b)  -> (artifact id: 'dd69e1b3e0292215128cde6afdf48952') in 0.132532 seconds 
========================================================================
Received Prepare
Registering precompiled user dll's ...
Registered in 0.011336 seconds.
Begin MonoManager ReloadAssembly
Native extension for WindowsStandalone target not found
Native extension for OSXStandalone target not found
Native extension for WebGL target not found
Refreshing native plugins compatible for Editor in 1.42 ms, found 3 plugins.
Preloading 0 native plugins for Editor in 0.00 ms.
Mono: successfully reloaded assembly
- Completed reload, in  8.406 seconds
Domain Reload Profiling:
	ReloadAssembly (8407ms)
		BeginReloadAssembly (272ms)
			ExecutionOrderSort (0ms)
			DisableScriptedObjects (16ms)
			BackupInstance (0ms)
			ReleaseScriptingObjects (0ms)
			CreateAndSetChildDomain (81ms)
		EndReloadAssembly (7990ms)
			LoadAssemblies (241ms)
			RebuildTransferFunctionScriptingTraits (0ms)
			SetupTypeCache (713ms)
			ReleaseScriptCaches (2ms)
			RebuildScriptCaches (98ms)
			SetupLoadedEditorAssemblies (6658ms)
				LogAssemblyErrors (0ms)
				InitializePlatformSupportModulesInManaged (10ms)
				SetLoadedEditorAssemblies (1ms)
				RefreshPlugins (2ms)
				BeforeProcessingInitializeOnLoad (197ms)
				ProcessInitializeOnLoadAttributes (6165ms)
				ProcessInitializeOnLoadMethodAttributes (52ms)
				AfterProcessingInitializeOnLoad (230ms)
				EditorAssembliesLoaded (0ms)
			ExecutionOrderSort2 (0ms)
			AwakeInstancesAfterBackupRestoration (45ms)
Platform modules already initialized, skipping
Refreshing native plugins compatible for Editor in 0.78 ms, found 3 plugins.
Preloading 0 native plugins for Editor in 0.00 ms.
Unloading 2629 Unused Serialized files (Serialized files now loaded: 0)
System memory in use before: 117.1 MB.
System memory in use after: 117.2 MB.

Unloading 22 unused Assets to reduce memory usage. Loaded Objects now: 3092.
Total: 7.919400 ms (FindLiveObjects: 0.465800 ms CreateObjectMapping: 0.288600 ms MarkObjects: 6.794400 ms  DeleteObjects: 0.362600 ms)

AssetImportParameters requested are different than current active one (requested -> active):
  custom:framework-win-MediaFoundation: 216162199b28c13a410421893ffa2e32 -> 
  custom:video-decoder-ogg-theora: a1e56fd34408186e4bbccfd4996cb3dc -> 
  custom:container-muxer-webm: aa71ff27fc2769a1b78a27578f13a17b -> 
  custom:container-demuxer-webm: 4f35f7cbe854078d1ac9338744f61a02 -> 
  custom:container-demuxer-ogg: 62fdf1f143b41e24485cea50d1cbac27 -> 
  custom:video-encoder-webm-vp8: eb34c28f22e8b96e1ab97ce403110664 -> 
  custom:video-decoder-webm-vp8: 9c59270c3fd7afecdb556c50c9e8de78 -> 
  custom:audio-decoder-ogg-vorbis: bf7c407c2cedff20999df2af8eb42d56 -> 
  custom:audio-encoder-webm-vorbis: bf7c407c2cedff20999df2af8eb42d56 -> 
========================================================================
Received Import Request.
  Time since last request: 1953.070676 seconds.
  path: Assets/Art/UI Elements/Buttons/UIButton.png
  artifactKey: Guid(018cd37590e3e2341a620241eacc4e09) Importer(815301076,1909f56bfc062723c751e8b465ee728b)
Start importing Assets/Art/UI Elements/Buttons/UIButton.png using Guid(018cd37590e3e2341a620241eacc4e09) Importer(815301076,1909f56bfc062723c751e8b465ee728b)  -> (artifact id: '273184754171b36b4625e7e4c9188895') in 0.106608 seconds 
========================================================================
Received Prepare
Registering precompiled user dll's ...
Registered in 0.011145 seconds.
Begin MonoManager ReloadAssembly
Native extension for WindowsStandalone target not found
Native extension for OSXStandalone target not found
Native extension for WebGL target not found
Refreshing native plugins compatible for Editor in 0.70 ms, found 3 plugins.
Preloading 0 native plugins for Editor in 0.00 ms.
Mono: successfully reloaded assembly
- Completed reload, in  1.730 seconds
Domain Reload Profiling:
	ReloadAssembly (1731ms)
		BeginReloadAssembly (273ms)
			ExecutionOrderSort (0ms)
			DisableScriptedObjects (14ms)
			BackupInstance (0ms)
			ReleaseScriptingObjects (0ms)
			CreateAndSetChildDomain (65ms)
		EndReloadAssembly (1347ms)
			LoadAssemblies (254ms)
			RebuildTransferFunctionScriptingTraits (0ms)
			SetupTypeCache (427ms)
			ReleaseScriptCaches (1ms)
			RebuildScriptCaches (67ms)
			SetupLoadedEditorAssemblies (528ms)
				LogAssemblyErrors (0ms)
				InitializePlatformSupportModulesInManaged (9ms)
				SetLoadedEditorAssemblies (1ms)
				RefreshPlugins (1ms)
				BeforeProcessingInitializeOnLoad (123ms)
				ProcessInitializeOnLoadAttributes (360ms)
				ProcessInitializeOnLoadMethodAttributes (23ms)
				AfterProcessingInitializeOnLoad (12ms)
				EditorAssembliesLoaded (0ms)
			ExecutionOrderSort2 (0ms)
			AwakeInstancesAfterBackupRestoration (6ms)
Platform modules already initialized, skipping
Refreshing native plugins compatible for Editor in 0.81 ms, found 3 plugins.
Preloading 0 native plugins for Editor in 0.00 ms.
Unloading 2629 Unused Serialized files (Serialized files now loaded: 0)
System memory in use before: 117.0 MB.
System memory in use after: 117.1 MB.

Unloading 21 unused Assets to reduce memory usage. Loaded Objects now: 3099.
Total: 5.521600 ms (FindLiveObjects: 0.770300 ms CreateObjectMapping: 0.371400 ms MarkObjects: 4.208700 ms  DeleteObjects: 0.169600 ms)

AssetImportParameters requested are different than current active one (requested -> active):
  custom:framework-win-MediaFoundation: 216162199b28c13a410421893ffa2e32 -> 
  custom:video-decoder-ogg-theora: a1e56fd34408186e4bbccfd4996cb3dc -> 
  custom:container-muxer-webm: aa71ff27fc2769a1b78a27578f13a17b -> 
  custom:container-demuxer-webm: 4f35f7cbe854078d1ac9338744f61a02 -> 
  custom:container-demuxer-ogg: 62fdf1f143b41e24485cea50d1cbac27 -> 
  custom:video-encoder-webm-vp8: eb34c28f22e8b96e1ab97ce403110664 -> 
  custom:video-decoder-webm-vp8: 9c59270c3fd7afecdb556c50c9e8de78 -> 
  custom:audio-decoder-ogg-vorbis: bf7c407c2cedff20999df2af8eb42d56 -> 
  custom:audio-encoder-webm-vorbis: bf7c407c2cedff20999df2af8eb42d56 -> 
========================================================================
Received Import Request.
  Time since last request: 3016.852042 seconds.
  path: Assets/Art/UI Elements/Buttons/UIButton.png
  artifactKey: Guid(018cd37590e3e2341a620241eacc4e09) Importer(815301076,1909f56bfc062723c751e8b465ee728b)
Start importing Assets/Art/UI Elements/Buttons/UIButton.png using Guid(018cd37590e3e2341a620241eacc4e09) Importer(815301076,1909f56bfc062723c751e8b465ee728b)  -> (artifact id: '185bb510909a356c788ec3f874e25cbf') in 0.788673 seconds 
========================================================================
Received Import Request.
  Time since last request: 3.633545 seconds.
  path: Assets/Art/UI Elements/Buttons/UIButton1.png
  artifactKey: Guid(551984e44c554d54ca85cec7001b20eb) Importer(815301076,1909f56bfc062723c751e8b465ee728b)
Start importing Assets/Art/UI Elements/Buttons/UIButton1.png using Guid(551984e44c554d54ca85cec7001b20eb) Importer(815301076,1909f56bfc062723c751e8b465ee728b)  -> (artifact id: 'b6b4f1a7edc5b48a2b8fdc1fd6cadca3') in 0.046004 seconds 
========================================================================
Received Import Request.
  Time since last request: 811.085961 seconds.
  path: Assets/Prefabs/UI/HealthImage.prefab
  artifactKey: Guid(8103328a75cb75f499b21bab5291caf0) Importer(815301076,1909f56bfc062723c751e8b465ee728b)
Start importing Assets/Prefabs/UI/HealthImage.prefab using Guid(8103328a75cb75f499b21bab5291caf0) Importer(815301076,1909f56bfc062723c751e8b465ee728b)  -> (artifact id: '39df25d0a92677f91e65038e1aba305b') in 0.068452 seconds 
========================================================================
Received Import Request.
  Time since last request: 16.429205 seconds.
  path: Assets/Prefabs/UI/Canvases/Game UI Canvas End.prefab
  artifactKey: Guid(f6fbb59a88273124d9ac823de8cfebe2) Importer(815301076,1909f56bfc062723c751e8b465ee728b)
Start importing Assets/Prefabs/UI/Canvases/Game UI Canvas End.prefab using Guid(f6fbb59a88273124d9ac823de8cfebe2) Importer(815301076,1909f56bfc062723c751e8b465ee728b)  -> (artifact id: '158610dce40c31fb3385bd183eea9c59') in 0.072766 seconds 
========================================================================
Received Import Request.
  Time since last request: 34.999428 seconds.
  path: Assets/Prefabs/UI/Canvases/Game UI Canvas.prefab
  artifactKey: Guid(6b278329ac77eb7438a3ac3a58e97860) Importer(815301076,1909f56bfc062723c751e8b465ee728b)
Start importing Assets/Prefabs/UI/Canvases/Game UI Canvas.prefab using Guid(6b278329ac77eb7438a3ac3a58e97860) Importer(815301076,1909f56bfc062723c751e8b465ee728b)  -> (artifact id: 'db9570b998391e753129f07c5970f42d') in 0.029454 seconds 
========================================================================
Received Import Request.
  Time since last request: 424.308042 seconds.
  path: Assets/Art/UI Elements/Buttons/UIButton.png
  artifactKey: Guid(018cd37590e3e2341a620241eacc4e09) Importer(815301076,1909f56bfc062723c751e8b465ee728b)
Start importing Assets/Art/UI Elements/Buttons/UIButton.png using Guid(018cd37590e3e2341a620241eacc4e09) Importer(815301076,1909f56bfc062723c751e8b465ee728b)  -> (artifact id: '500ed4bd86f6cab4d0645e19c89b1176') in 0.048880 seconds 
========================================================================
Received Prepare
Registering precompiled user dll's ...
Registered in 0.006204 seconds.
Begin MonoManager ReloadAssembly
Native extension for WindowsStandalone target not found
Native extension for OSXStandalone target not found
Native extension for WebGL target not found
Refreshing native plugins compatible for Editor in 0.76 ms, found 3 plugins.
Preloading 0 native plugins for Editor in 0.00 ms.
Mono: successfully reloaded assembly
- Completed reload, in  2.761 seconds
Domain Reload Profiling:
	ReloadAssembly (2762ms)
		BeginReloadAssembly (328ms)
			ExecutionOrderSort (0ms)
			DisableScriptedObjects (47ms)
			BackupInstance (0ms)
			ReleaseScriptingObjects (0ms)
			CreateAndSetChildDomain (70ms)
		EndReloadAssembly (2294ms)
			LoadAssemblies (221ms)
			RebuildTransferFunctionScriptingTraits (0ms)
			SetupTypeCache (501ms)
			ReleaseScriptCaches (1ms)
			RebuildScriptCaches (67ms)
			SetupLoadedEditorAssemblies (1407ms)
				LogAssemblyErrors (0ms)
				InitializePlatformSupportModulesInManaged (9ms)
				SetLoadedEditorAssemblies (1ms)
				RefreshPlugins (1ms)
				BeforeProcessingInitializeOnLoad (1019ms)
				ProcessInitializeOnLoadAttributes (345ms)
				ProcessInitializeOnLoadMethodAttributes (21ms)
				AfterProcessingInitializeOnLoad (10ms)
				EditorAssembliesLoaded (0ms)
			ExecutionOrderSort2 (0ms)
			AwakeInstancesAfterBackupRestoration (7ms)
Platform modules already initialized, skipping
Refreshing native plugins compatible for Editor in 1.06 ms, found 3 plugins.
Preloading 0 native plugins for Editor in 0.00 ms.
Unloading 2629 Unused Serialized files (Serialized files now loaded: 0)
System memory in use before: 117.2 MB.
System memory in use after: 117.2 MB.

Unloading 22 unused Assets to reduce memory usage. Loaded Objects now: 3107.
Total: 16.428300 ms (FindLiveObjects: 10.083100 ms CreateObjectMapping: 0.352900 ms MarkObjects: 5.795900 ms  DeleteObjects: 0.194500 ms)

AssetImportParameters requested are different than current active one (requested -> active):
  custom:framework-win-MediaFoundation: 216162199b28c13a410421893ffa2e32 -> 
  custom:video-decoder-ogg-theora: a1e56fd34408186e4bbccfd4996cb3dc -> 
  custom:container-muxer-webm: aa71ff27fc2769a1b78a27578f13a17b -> 
  custom:container-demuxer-webm: 4f35f7cbe854078d1ac9338744f61a02 -> 
  custom:container-demuxer-ogg: 62fdf1f143b41e24485cea50d1cbac27 -> 
  custom:video-encoder-webm-vp8: eb34c28f22e8b96e1ab97ce403110664 -> 
  custom:video-decoder-webm-vp8: 9c59270c3fd7afecdb556c50c9e8de78 -> 
  custom:audio-decoder-ogg-vorbis: bf7c407c2cedff20999df2af8eb42d56 -> 
  custom:audio-encoder-webm-vorbis: bf7c407c2cedff20999df2af8eb42d56 -> 
========================================================================
Received Import Request.
  Time since last request: 192.241299 seconds.
  path: Assets/_Scenes/MainMenu.unity
  artifactKey: Guid(3efd518aa85978540aca7c655bb88581) Importer(815301076,1909f56bfc062723c751e8b465ee728b)
Start importing Assets/_Scenes/MainMenu.unity using Guid(3efd518aa85978540aca7c655bb88581) Importer(815301076,1909f56bfc062723c751e8b465ee728b)  -> (artifact id: '4b63094b6671ffb177edff266f2d9f50') in 0.016942 seconds 
========================================================================
Received Prepare
Registering precompiled user dll's ...
Registered in 0.004699 seconds.
Begin MonoManager ReloadAssembly
Native extension for WindowsStandalone target not found
Native extension for OSXStandalone target not found
Native extension for WebGL target not found
Refreshing native plugins compatible for Editor in 0.94 ms, found 3 plugins.
Preloading 0 native plugins for Editor in 0.00 ms.
Mono: successfully reloaded assembly
- Completed reload, in  2.336 seconds
Domain Reload Profiling:
	ReloadAssembly (2337ms)
		BeginReloadAssembly (252ms)
			ExecutionOrderSort (0ms)
			DisableScriptedObjects (12ms)
			BackupInstance (0ms)
			ReleaseScriptingObjects (0ms)
			CreateAndSetChildDomain (66ms)
		EndReloadAssembly (1963ms)
			LoadAssemblies (240ms)
			RebuildTransferFunctionScriptingTraits (0ms)
			SetupTypeCache (708ms)
			ReleaseScriptCaches (2ms)
			RebuildScriptCaches (92ms)
			SetupLoadedEditorAssemblies (722ms)
				LogAssemblyErrors (0ms)
				InitializePlatformSupportModulesInManaged (13ms)
				SetLoadedEditorAssemblies (1ms)
				RefreshPlugins (1ms)
				BeforeProcessingInitializeOnLoad (171ms)
				ProcessInitializeOnLoadAttributes (491ms)
				ProcessInitializeOnLoadMethodAttributes (31ms)
				AfterProcessingInitializeOnLoad (14ms)
				EditorAssembliesLoaded (0ms)
			ExecutionOrderSort2 (0ms)
			AwakeInstancesAfterBackupRestoration (10ms)
Platform modules already initialized, skipping
Refreshing native plugins compatible for Editor in 1.13 ms, found 3 plugins.
Preloading 0 native plugins for Editor in 0.00 ms.
Unloading 2629 Unused Serialized files (Serialized files now loaded: 0)
System memory in use before: 117.2 MB.
System memory in use after: 117.2 MB.

Unloading 21 unused Assets to reduce memory usage. Loaded Objects now: 3110.
Total: 7.965900 ms (FindLiveObjects: 0.506000 ms CreateObjectMapping: 0.562300 ms MarkObjects: 6.695900 ms  DeleteObjects: 0.199700 ms)

AssetImportParameters requested are different than current active one (requested -> active):
  custom:framework-win-MediaFoundation: 216162199b28c13a410421893ffa2e32 -> 
  custom:video-decoder-ogg-theora: a1e56fd34408186e4bbccfd4996cb3dc -> 
  custom:container-muxer-webm: aa71ff27fc2769a1b78a27578f13a17b -> 
  custom:container-demuxer-webm: 4f35f7cbe854078d1ac9338744f61a02 -> 
  custom:container-demuxer-ogg: 62fdf1f143b41e24485cea50d1cbac27 -> 
  custom:video-encoder-webm-vp8: eb34c28f22e8b96e1ab97ce403110664 -> 
  custom:video-decoder-webm-vp8: 9c59270c3fd7afecdb556c50c9e8de78 -> 
  custom:audio-decoder-ogg-vorbis: bf7c407c2cedff20999df2af8eb42d56 -> 
  custom:audio-encoder-webm-vorbis: bf7c407c2cedff20999df2af8eb42d56 -> 
========================================================================
Received Import Request.
  Time since last request: 257.838025 seconds.
  path: Assets/Prefabs/UI/Canvases/MainMenu UI Canvas.prefab
  artifactKey: Guid(c45041f43743ded48bcedcf90819a218) Importer(815301076,1909f56bfc062723c751e8b465ee728b)
Start importing Assets/Prefabs/UI/Canvases/MainMenu UI Canvas.prefab using Guid(c45041f43743ded48bcedcf90819a218) Importer(815301076,1909f56bfc062723c751e8b465ee728b)  -> (artifact id: 'bb3ca560fd2392626ebfef3bddbf8d69') in 0.144983 seconds 
========================================================================
Received Import Request.
  Time since last request: 3.304331 seconds.
  path: Assets/Prefabs/UI/Canvases/Game UI Canvas.prefab
  artifactKey: Guid(6b278329ac77eb7438a3ac3a58e97860) Importer(815301076,1909f56bfc062723c751e8b465ee728b)
Start importing Assets/Prefabs/UI/Canvases/Game UI Canvas.prefab using Guid(6b278329ac77eb7438a3ac3a58e97860) Importer(815301076,1909f56bfc062723c751e8b465ee728b)  -> (artifact id: '1f123b2b73b5dbbcc7e884720b81db32') in 0.035939 seconds 
========================================================================
Received Prepare
Registering precompiled user dll's ...
Registered in 0.007597 seconds.
Begin MonoManager ReloadAssembly
Native extension for WindowsStandalone target not found
Native extension for OSXStandalone target not found
Native extension for WebGL target not found
Refreshing native plugins compatible for Editor in 0.81 ms, found 3 plugins.
Preloading 0 native plugins for Editor in 0.00 ms.
Mono: successfully reloaded assembly
- Completed reload, in  2.504 seconds
Domain Reload Profiling:
	ReloadAssembly (2505ms)
		BeginReloadAssembly (293ms)
			ExecutionOrderSort (0ms)
			DisableScriptedObjects (15ms)
			BackupInstance (0ms)
			ReleaseScriptingObjects (0ms)
			CreateAndSetChildDomain (82ms)
		EndReloadAssembly (2067ms)
			LoadAssemblies (256ms)
			RebuildTransferFunctionScriptingTraits (0ms)
			SetupTypeCache (730ms)
			ReleaseScriptCaches (2ms)
			RebuildScriptCaches (97ms)
			SetupLoadedEditorAssemblies (777ms)
				LogAssemblyErrors (0ms)
				InitializePlatformSupportModulesInManaged (13ms)
				SetLoadedEditorAssemblies (1ms)
				RefreshPlugins (1ms)
				BeforeProcessingInitializeOnLoad (186ms)
				ProcessInitializeOnLoadAttributes (526ms)
				ProcessInitializeOnLoadMethodAttributes (33ms)
				AfterProcessingInitializeOnLoad (16ms)
				EditorAssembliesLoaded (0ms)
			ExecutionOrderSort2 (0ms)
			AwakeInstancesAfterBackupRestoration (9ms)
Platform modules already initialized, skipping
Refreshing native plugins compatible for Editor in 0.92 ms, found 3 plugins.
Preloading 0 native plugins for Editor in 0.00 ms.
Unloading 2629 Unused Serialized files (Serialized files now loaded: 0)
System memory in use before: 117.2 MB.
System memory in use after: 117.3 MB.

Unloading 22 unused Assets to reduce memory usage. Loaded Objects now: 3113.
Total: 6.811500 ms (FindLiveObjects: 0.436000 ms CreateObjectMapping: 0.310500 ms MarkObjects: 5.796700 ms  DeleteObjects: 0.265500 ms)

AssetImportParameters requested are different than current active one (requested -> active):
  custom:framework-win-MediaFoundation: 216162199b28c13a410421893ffa2e32 -> 
  custom:video-decoder-ogg-theora: a1e56fd34408186e4bbccfd4996cb3dc -> 
  custom:container-muxer-webm: aa71ff27fc2769a1b78a27578f13a17b -> 
  custom:container-demuxer-webm: 4f35f7cbe854078d1ac9338744f61a02 -> 
  custom:container-demuxer-ogg: 62fdf1f143b41e24485cea50d1cbac27 -> 
  custom:video-encoder-webm-vp8: eb34c28f22e8b96e1ab97ce403110664 -> 
  custom:video-decoder-webm-vp8: 9c59270c3fd7afecdb556c50c9e8de78 -> 
  custom:audio-decoder-ogg-vorbis: bf7c407c2cedff20999df2af8eb42d56 -> 
  custom:audio-encoder-webm-vorbis: bf7c407c2cedff20999df2af8eb42d56 -> 
========================================================================
Received Import Request.
  Time since last request: 2320.514501 seconds.
  path: Assets/Audio/SFX/UISounds/UIBack.wav
  artifactKey: Guid(767ca1d03507eeb44be8554d796fdf96) Importer(815301076,1909f56bfc062723c751e8b465ee728b)
Start importing Assets/Audio/SFX/UISounds/UIBack.wav using Guid(767ca1d03507eeb44be8554d796fdf96) Importer(815301076,1909f56bfc062723c751e8b465ee728b)  -> (artifact id: '71d3b794db3201f6b86d96a0523fcd0a') in 0.255353 seconds 
========================================================================
Received Import Request.
  Time since last request: 6.511672 seconds.
  path: Assets/Audio/SFX/UISounds/UIForward.wav
  artifactKey: Guid(30acd80b787094145a75e571063aa03d) Importer(815301076,1909f56bfc062723c751e8b465ee728b)
Start importing Assets/Audio/SFX/UISounds/UIForward.wav using Guid(30acd80b787094145a75e571063aa03d) Importer(815301076,1909f56bfc062723c751e8b465ee728b)  -> (artifact id: 'f13533abff7f097c489f4d1286c9a3fb') in 0.063898 seconds 
========================================================================
Received Import Request.
  Time since last request: 43.002787 seconds.
  path: Assets/Prefabs/Effects/UIEffects/ClickEffect.prefab
  artifactKey: Guid(664b39419bf6e8446b8e3dc00943f35f) Importer(815301076,1909f56bfc062723c751e8b465ee728b)
Start importing Assets/Prefabs/Effects/UIEffects/ClickEffect.prefab using Guid(664b39419bf6e8446b8e3dc00943f35f) Importer(815301076,1909f56bfc062723c751e8b465ee728b)  -> (artifact id: '96407c0af94c63ca18e728ca090202db') in 0.048793 seconds 
========================================================================
Received Import Request.
  Time since last request: 4.970897 seconds.
  path: Assets/Prefabs/Effects/UIEffects/NavigationEffect.prefab
  artifactKey: Guid(8b9743812bd3fdf42835996c2f712bae) Importer(815301076,1909f56bfc062723c751e8b465ee728b)
Start importing Assets/Prefabs/Effects/UIEffects/NavigationEffect.prefab using Guid(8b9743812bd3fdf42835996c2f712bae) Importer(815301076,1909f56bfc062723c751e8b465ee728b)  -> (artifact id: '7e771daacc46dc61654225e4659fe595') in 0.029935 seconds 
========================================================================
Received Import Request.
  Time since last request: 4.783494 seconds.
  path: Assets/Prefabs/Effects/UIEffects/UIBackEffect.prefab
  artifactKey: Guid(05306376ee0c29b4dbc4a2333cd93887) Importer(815301076,1909f56bfc062723c751e8b465ee728b)
Start importing Assets/Prefabs/Effects/UIEffects/UIBackEffect.prefab using Guid(05306376ee0c29b4dbc4a2333cd93887) Importer(815301076,1909f56bfc062723c751e8b465ee728b)  -> (artifact id: '60b49e1e6d1d9ca4b21272d6410e7a2b') in 0.033246 seconds 
========================================================================
Received Import Request.
  Time since last request: 1.960671 seconds.
  path: Assets/Prefabs/Effects/UIEffects
  artifactKey: Guid(29a6e638370e3cf409801d18c6463396) Importer(815301076,1909f56bfc062723c751e8b465ee728b)
Start importing Assets/Prefabs/Effects/UIEffects using Guid(29a6e638370e3cf409801d18c6463396) Importer(815301076,1909f56bfc062723c751e8b465ee728b)  -> (artifact id: '935aaf19aa7a337193c47c67bf822528') in 0.216400 seconds 
========================================================================
Received Import Request.
  Time since last request: 8.854824 seconds.
  path: Assets/Prefabs/Effects/WinLoseEffects/VictoryEffect.prefab
  artifactKey: Guid(349e93b29c03f7d4f9c554aa91f9504a) Importer(815301076,1909f56bfc062723c751e8b465ee728b)
Start importing Assets/Prefabs/Effects/WinLoseEffects/VictoryEffect.prefab using Guid(349e93b29c03f7d4f9c554aa91f9504a) Importer(815301076,1909f56bfc062723c751e8b465ee728b)  -> (artifact id: '5337a1bac81945003b757d87d98ed752') in 0.030619 seconds 
========================================================================
Received Import Request.
  Time since last request: 4.653013 seconds.
  path: Assets/Prefabs/Effects/WinLoseEffects/GameOverEffect.prefab
  artifactKey: Guid(cab6c555d3a1d7f41b38691fa864ff7a) Importer(815301076,1909f56bfc062723c751e8b465ee728b)
Start importing Assets/Prefabs/Effects/WinLoseEffects/GameOverEffect.prefab using Guid(cab6c555d3a1d7f41b38691fa864ff7a) Importer(815301076,1909f56bfc062723c751e8b465ee728b)  -> (artifact id: 'f5c1f676f0cf2cc06fe7837e1b97cf3a') in 0.030118 seconds 
========================================================================
Received Import Request.
  Time since last request: 6.881699 seconds.
  path: Assets/_Scenes/Level2.unity
  artifactKey: Guid(046e56c7315441745868fc57da4a4a99) Importer(815301076,1909f56bfc062723c751e8b465ee728b)
Start importing Assets/_Scenes/Level2.unity using Guid(046e56c7315441745868fc57da4a4a99) Importer(815301076,1909f56bfc062723c751e8b465ee728b)  -> (artifact id: 'b6214552deca116ae319e80b1b8a61f9') in 0.037906 seconds 
========================================================================
Received Import Request.
  Time since last request: 164.438176 seconds.
  path: Assets/_Scenes/Level1.unity
  artifactKey: Guid(ee089f8051b84e643af3cf16ef15568e) Importer(815301076,1909f56bfc062723c751e8b465ee728b)
Start importing Assets/_Scenes/Level1.unity using Guid(ee089f8051b84e643af3cf16ef15568e) Importer(815301076,1909f56bfc062723c751e8b465ee728b)  -> (artifact id: '3c575e00f857760de453a4ccb5dcfa9d') in 0.044762 seconds 
========================================================================
Received Import Request.
  Time since last request: 238.090117 seconds.
  path: Assets/_Scenes/Level2.unity
  artifactKey: Guid(046e56c7315441745868fc57da4a4a99) Importer(815301076,1909f56bfc062723c751e8b465ee728b)
Start importing Assets/_Scenes/Level2.unity using Guid(046e56c7315441745868fc57da4a4a99) Importer(815301076,1909f56bfc062723c751e8b465ee728b)  -> (artifact id: '202add99b1260b3b116e7f553cd4bae1') in 0.025757 seconds 
========================================================================
Received Import Request.
  Time since last request: 126.989375 seconds.
  path: Assets/Prefabs/Enemies/SmartWalkingEnemy.prefab
  artifactKey: Guid(6bf8cb6fdd993b34393eb1ebef3faa19) Importer(815301076,1909f56bfc062723c751e8b465ee728b)
Start importing Assets/Prefabs/Enemies/SmartWalkingEnemy.prefab using Guid(6bf8cb6fdd993b34393eb1ebef3faa19) Importer(815301076,1909f56bfc062723c751e8b465ee728b)  -> (artifact id: '13d9fd2612c6d5a3a20431746d7e827d') in 0.129324 seconds 
========================================================================
Received Import Request.
  Time since last request: 136.317730 seconds.
  path: Assets/Prefabs/Enemies/Basic/BasicToughWalkingEnemy.prefab
  artifactKey: Guid(967fd8359485b7741903f2719ad42d97) Importer(815301076,1909f56bfc062723c751e8b465ee728b)
Start importing Assets/Prefabs/Enemies/Basic/BasicToughWalkingEnemy.prefab using Guid(967fd8359485b7741903f2719ad42d97) Importer(815301076,1909f56bfc062723c751e8b465ee728b)  -> (artifact id: '8ef98a8cf766ef39e8bd0f327cfa56d1') in 0.097079 seconds 
========================================================================
Received Import Request.
  Time since last request: 574.472220 seconds.
  path: Assets/_Scenes/Level1.unity
  artifactKey: Guid(ee089f8051b84e643af3cf16ef15568e) Importer(815301076,1909f56bfc062723c751e8b465ee728b)
Start importing Assets/_Scenes/Level1.unity using Guid(ee089f8051b84e643af3cf16ef15568e) Importer(815301076,1909f56bfc062723c751e8b465ee728b)  -> (artifact id: '9e13d6e3695b53869c0fbac38cdc3f1f') in 0.044236 seconds 
========================================================================
Received Import Request.
  Time since last request: 20.727530 seconds.
  path: Assets/_Scenes/Level2.unity
  artifactKey: Guid(046e56c7315441745868fc57da4a4a99) Importer(815301076,1909f56bfc062723c751e8b465ee728b)
Start importing Assets/_Scenes/Level2.unity using Guid(046e56c7315441745868fc57da4a4a99) Importer(815301076,1909f56bfc062723c751e8b465ee728b)  -> (artifact id: '6a74964a7be003180728c2e78fb091a7') in 0.042937 seconds 
========================================================================
Received Import Request.
  Time since last request: 10.679390 seconds.
  path: Assets/Prefabs/Music
  artifactKey: Guid(96fe72daaaba4a642bf41e455be57745) Importer(815301076,1909f56bfc062723c751e8b465ee728b)
Start importing Assets/Prefabs/Music using Guid(96fe72daaaba4a642bf41e455be57745) Importer(815301076,1909f56bfc062723c751e8b465ee728b)  -> (artifact id: '692664093cc49dd697ded471613aa9f9') in 0.053850 seconds 
========================================================================
Received Import Request.
  Time since last request: 13.338478 seconds.
  path: Assets/Audio/Music/Concepts/Concept2DPlatformer_InGame.wav
  artifactKey: Guid(e29e99d8c13e8914fad3778e6a42ecaa) Importer(815301076,1909f56bfc062723c751e8b465ee728b)
Start importing Assets/Audio/Music/Concepts/Concept2DPlatformer_InGame.wav using Guid(e29e99d8c13e8914fad3778e6a42ecaa) Importer(815301076,1909f56bfc062723c751e8b465ee728b)  -> (artifact id: 'cefd9597c460cf24dc3864bfddff5212') in 0.066621 seconds 
========================================================================
Received Import Request.
  Time since last request: 74.171706 seconds.
  path: Assets/Prefabs/PickUps/ScorePickup.prefab
  artifactKey: Guid(7fb285295d24ecd49a49c3e501babb73) Importer(815301076,1909f56bfc062723c751e8b465ee728b)
Start importing Assets/Prefabs/PickUps/ScorePickup.prefab using Guid(7fb285295d24ecd49a49c3e501babb73) Importer(815301076,1909f56bfc062723c751e8b465ee728b)  -> (artifact id: '30a4ff73a86a4eaed5ff6a797b471eca') in 0.084788 seconds 
========================================================================
Received Prepare
Registering precompiled user dll's ...
Registered in 0.006721 seconds.
Begin MonoManager ReloadAssembly
Native extension for WindowsStandalone target not found
Native extension for OSXStandalone target not found
Native extension for WebGL target not found
Refreshing native plugins compatible for Editor in 1.40 ms, found 3 plugins.
Preloading 0 native plugins for Editor in 0.00 ms.
Mono: successfully reloaded assembly
- Completed reload, in  3.371 seconds
Domain Reload Profiling:
	ReloadAssembly (3373ms)
		BeginReloadAssembly (448ms)
			ExecutionOrderSort (0ms)
			DisableScriptedObjects (17ms)
			BackupInstance (0ms)
			ReleaseScriptingObjects (0ms)
			CreateAndSetChildDomain (110ms)
		EndReloadAssembly (2752ms)
			LoadAssemblies (377ms)
			RebuildTransferFunctionScriptingTraits (0ms)
			SetupTypeCache (1014ms)
			ReleaseScriptCaches (2ms)
			RebuildScriptCaches (86ms)
			SetupLoadedEditorAssemblies (1027ms)
				LogAssemblyErrors (0ms)
				InitializePlatformSupportModulesInManaged (19ms)
				SetLoadedEditorAssemblies (1ms)
				RefreshPlugins (2ms)
				BeforeProcessingInitializeOnLoad (245ms)
				ProcessInitializeOnLoadAttributes (702ms)
				ProcessInitializeOnLoadMethodAttributes (46ms)
				AfterProcessingInitializeOnLoad (12ms)
				EditorAssembliesLoaded (1ms)
			ExecutionOrderSort2 (0ms)
			AwakeInstancesAfterBackupRestoration (20ms)
Platform modules already initialized, skipping
Refreshing native plugins compatible for Editor in 1.15 ms, found 3 plugins.
Preloading 0 native plugins for Editor in 0.00 ms.
Unloading 2629 Unused Serialized files (Serialized files now loaded: 0)
System memory in use before: 117.3 MB.
System memory in use after: 117.4 MB.

Unloading 21 unused Assets to reduce memory usage. Loaded Objects now: 3123.
Total: 13.971800 ms (FindLiveObjects: 0.726100 ms CreateObjectMapping: 1.046600 ms MarkObjects: 11.883400 ms  DeleteObjects: 0.309900 ms)

AssetImportParameters requested are different than current active one (requested -> active):
  custom:framework-win-MediaFoundation: 216162199b28c13a410421893ffa2e32 -> 
  custom:video-decoder-ogg-theora: a1e56fd34408186e4bbccfd4996cb3dc -> 
  custom:container-muxer-webm: aa71ff27fc2769a1b78a27578f13a17b -> 
  custom:container-demuxer-webm: 4f35f7cbe854078d1ac9338744f61a02 -> 
  custom:container-demuxer-ogg: 62fdf1f143b41e24485cea50d1cbac27 -> 
  custom:video-encoder-webm-vp8: eb34c28f22e8b96e1ab97ce403110664 -> 
  custom:video-decoder-webm-vp8: 9c59270c3fd7afecdb556c50c9e8de78 -> 
  custom:audio-decoder-ogg-vorbis: bf7c407c2cedff20999df2af8eb42d56 -> 
  custom:audio-encoder-webm-vorbis: bf7c407c2cedff20999df2af8eb42d56 -> 
========================================================================
Received Import Request.
  Time since last request: 493.787684 seconds.
  path: Assets/Audio/Jingles/LoseJingle.wav
  artifactKey: Guid(2601a4ce7f476784d87f66e561f53679) Importer(815301076,1909f56bfc062723c751e8b465ee728b)
Start importing Assets/Audio/Jingles/LoseJingle.wav using Guid(2601a4ce7f476784d87f66e561f53679) Importer(815301076,1909f56bfc062723c751e8b465ee728b)  -> (artifact id: 'e8aa049b06b5f2e8f9aa379686c78b82') in 0.148828 seconds 
========================================================================
Received Prepare
Registering precompiled user dll's ...
Registered in 0.005044 seconds.
Begin MonoManager ReloadAssembly
Native extension for WindowsStandalone target not found
Native extension for OSXStandalone target not found
Native extension for WebGL target not found
Refreshing native plugins compatible for Editor in 0.73 ms, found 3 plugins.
Preloading 0 native plugins for Editor in 0.00 ms.
Mono: successfully reloaded assembly
- Completed reload, in  2.397 seconds
Domain Reload Profiling:
	ReloadAssembly (2398ms)
		BeginReloadAssembly (240ms)
			ExecutionOrderSort (0ms)
			DisableScriptedObjects (13ms)
			BackupInstance (0ms)
			ReleaseScriptingObjects (0ms)
			CreateAndSetChildDomain (63ms)
		EndReloadAssembly (2035ms)
			LoadAssemblies (213ms)
			RebuildTransferFunctionScriptingTraits (0ms)
			SetupTypeCache (798ms)
			ReleaseScriptCaches (2ms)
			RebuildScriptCaches (91ms)
			SetupLoadedEditorAssemblies (717ms)
				LogAssemblyErrors (0ms)
				InitializePlatformSupportModulesInManaged (12ms)
				SetLoadedEditorAssemblies (1ms)
				RefreshPlugins (1ms)
				BeforeProcessingInitializeOnLoad (172ms)
				ProcessInitializeOnLoadAttributes (489ms)
				ProcessInitializeOnLoadMethodAttributes (29ms)
				AfterProcessingInitializeOnLoad (12ms)
				EditorAssembliesLoaded (0ms)
			ExecutionOrderSort2 (0ms)
			AwakeInstancesAfterBackupRestoration (9ms)
Platform modules already initialized, skipping
Refreshing native plugins compatible for Editor in 0.80 ms, found 3 plugins.
Preloading 0 native plugins for Editor in 0.00 ms.
Unloading 2629 Unused Serialized files (Serialized files now loaded: 0)
System memory in use before: 117.3 MB.
System memory in use after: 117.3 MB.

Unloading 21 unused Assets to reduce memory usage. Loaded Objects now: 3127.
Total: 6.297500 ms (FindLiveObjects: 0.502200 ms CreateObjectMapping: 0.321100 ms MarkObjects: 5.286300 ms  DeleteObjects: 0.186100 ms)

AssetImportParameters requested are different than current active one (requested -> active):
  custom:framework-win-MediaFoundation: 216162199b28c13a410421893ffa2e32 -> 
  custom:video-decoder-ogg-theora: a1e56fd34408186e4bbccfd4996cb3dc -> 
  custom:container-muxer-webm: aa71ff27fc2769a1b78a27578f13a17b -> 
  custom:container-demuxer-webm: 4f35f7cbe854078d1ac9338744f61a02 -> 
  custom:container-demuxer-ogg: 62fdf1f143b41e24485cea50d1cbac27 -> 
  custom:video-encoder-webm-vp8: eb34c28f22e8b96e1ab97ce403110664 -> 
  custom:video-decoder-webm-vp8: 9c59270c3fd7afecdb556c50c9e8de78 -> 
  custom:audio-decoder-ogg-vorbis: bf7c407c2cedff20999df2af8eb42d56 -> 
  custom:audio-encoder-webm-vorbis: bf7c407c2cedff20999df2af8eb42d56 -> 
========================================================================
Received Import Request.
  Time since last request: 20.558343 seconds.
  path: Assets/Prefabs/Music/InGameMusic.prefab
  artifactKey: Guid(138f4002f44d8d24791dd43c8eae4e95) Importer(815301076,1909f56bfc062723c751e8b465ee728b)
Start importing Assets/Prefabs/Music/InGameMusic.prefab using Guid(138f4002f44d8d24791dd43c8eae4e95) Importer(815301076,1909f56bfc062723c751e8b465ee728b)  -> (artifact id: 'faedf251ccec901913fdc433f31ad2d1') in 0.060265 seconds 
========================================================================
Received Import Request.
  Time since last request: 3.684338 seconds.
  path: Assets/Prefabs/Music/MainMenuMusic.prefab
  artifactKey: Guid(9024855b6b1a02a41ba99f5da2d886c9) Importer(815301076,1909f56bfc062723c751e8b465ee728b)
Start importing Assets/Prefabs/Music/MainMenuMusic.prefab using Guid(9024855b6b1a02a41ba99f5da2d886c9) Importer(815301076,1909f56bfc062723c751e8b465ee728b)  -> (artifact id: '410db46b390ee33b61ba6039165639c4') in 0.033453 seconds 
========================================================================
Received Import Request.
  Time since last request: 13.049204 seconds.
  path: Assets/Prefabs/Effects/WinLoseEffects/VictoryEffect.prefab
  artifactKey: Guid(349e93b29c03f7d4f9c554aa91f9504a) Importer(815301076,1909f56bfc062723c751e8b465ee728b)
Start importing Assets/Prefabs/Effects/WinLoseEffects/VictoryEffect.prefab using Guid(349e93b29c03f7d4f9c554aa91f9504a) Importer(815301076,1909f56bfc062723c751e8b465ee728b)  -> (artifact id: '32506eb0fa9fcabfe6378cabbffc2c76') in 0.022788 seconds 
========================================================================
Received Import Request.
  Time since last request: 5.249753 seconds.
  path: Assets/Prefabs/Effects/WinLoseEffects/GameOverEffect.prefab
  artifactKey: Guid(cab6c555d3a1d7f41b38691fa864ff7a) Importer(815301076,1909f56bfc062723c751e8b465ee728b)
Start importing Assets/Prefabs/Effects/WinLoseEffects/GameOverEffect.prefab using Guid(cab6c555d3a1d7f41b38691fa864ff7a) Importer(815301076,1909f56bfc062723c751e8b465ee728b)  -> (artifact id: 'be671b20e3f7c98091e1903d1ce93c5e') in 0.022190 seconds 
========================================================================
Received Import Request.
  Time since last request: 23.105132 seconds.
  path: Assets/Prefabs/Effects/UIEffects/NavigationEffect.prefab
  artifactKey: Guid(8b9743812bd3fdf42835996c2f712bae) Importer(815301076,1909f56bfc062723c751e8b465ee728b)
Start importing Assets/Prefabs/Effects/UIEffects/NavigationEffect.prefab using Guid(8b9743812bd3fdf42835996c2f712bae) Importer(815301076,1909f56bfc062723c751e8b465ee728b)  -> (artifact id: 'c41ce88d014964d5710fb29a5f3a37e3') in 0.035470 seconds 
========================================================================
Received Import Request.
  Time since last request: 4.615368 seconds.
  path: Assets/Prefabs/Effects/UIEffects/UIBackEffect.prefab
  artifactKey: Guid(05306376ee0c29b4dbc4a2333cd93887) Importer(815301076,1909f56bfc062723c751e8b465ee728b)
Start importing Assets/Prefabs/Effects/UIEffects/UIBackEffect.prefab using Guid(05306376ee0c29b4dbc4a2333cd93887) Importer(815301076,1909f56bfc062723c751e8b465ee728b)  -> (artifact id: '9ed4f0cf325ffd094e2f7bb4c09926fe') in 0.019135 seconds 
========================================================================
Received Import Request.
  Time since last request: 7.447028 seconds.
  path: Assets/Prefabs/Effects/Player/AirJumpEffect.prefab
  artifactKey: Guid(cfe032e3ed63b8c4a90b1b7ef7088d34) Importer(815301076,1909f56bfc062723c751e8b465ee728b)
Start importing Assets/Prefabs/Effects/Player/AirJumpEffect.prefab using Guid(cfe032e3ed63b8c4a90b1b7ef7088d34) Importer(815301076,1909f56bfc062723c751e8b465ee728b)  -> (artifact id: '94811cd08d5da9f34e23d5a759ccb959') in 0.102333 seconds 
========================================================================
Received Import Request.
  Time since last request: 4.637632 seconds.
  path: Assets/Prefabs/Effects/Player/PlayerLandEffect.prefab
  artifactKey: Guid(cea91aea514527f4d815f677cb2dc813) Importer(815301076,1909f56bfc062723c751e8b465ee728b)
Start importing Assets/Prefabs/Effects/Player/PlayerLandEffect.prefab using Guid(cea91aea514527f4d815f677cb2dc813) Importer(815301076,1909f56bfc062723c751e8b465ee728b)  -> (artifact id: '825dec164d978257c33672494a6bc96f') in 0.039376 seconds 
========================================================================
Received Import Request.
  Time since last request: 13.514931 seconds.
  path: Assets/Prefabs/Effects/PickupEffects/ScorePickupEffect.prefab
  artifactKey: Guid(19d8f600ae4d6fb4abd8da0ac8dd13ac) Importer(815301076,1909f56bfc062723c751e8b465ee728b)
Start importing Assets/Prefabs/Effects/PickupEffects/ScorePickupEffect.prefab using Guid(19d8f600ae4d6fb4abd8da0ac8dd13ac) Importer(815301076,1909f56bfc062723c751e8b465ee728b)  -> (artifact id: '5ef5b9085e8868499ae12135649ac704') in 0.035765 seconds 
========================================================================
Received Import Request.
  Time since last request: 1.846876 seconds.
  path: Assets/Prefabs/Effects/PickupEffects/ExtraLifePickupEffect.prefab
  artifactKey: Guid(ff5e31bc7ddd2204a88965559a74d17a) Importer(815301076,1909f56bfc062723c751e8b465ee728b)
Start importing Assets/Prefabs/Effects/PickupEffects/ExtraLifePickupEffect.prefab using Guid(ff5e31bc7ddd2204a88965559a74d17a) Importer(815301076,1909f56bfc062723c751e8b465ee728b)  -> (artifact id: 'e1a78a22e75ebec9a705e56feb2d921c') in 0.224864 seconds 
========================================================================
Received Import Request.
  Time since last request: 0.706940 seconds.
  path: Assets/Prefabs/Effects/PickupEffects/HealthPickupEffect.prefab
  artifactKey: Guid(5eb00e2ca118f0a4897561b5adbc24b4) Importer(815301076,1909f56bfc062723c751e8b465ee728b)
Start importing Assets/Prefabs/Effects/PickupEffects/HealthPickupEffect.prefab using Guid(5eb00e2ca118f0a4897561b5adbc24b4) Importer(815301076,1909f56bfc062723c751e8b465ee728b)  -> (artifact id: 'f264db01f43ca60d529f2a168bd3a4d9') in 0.108269 seconds 
========================================================================
Received Import Request.
  Time since last request: 1.851584 seconds.
  path: Assets/Prefabs/Effects/PickupEffects/KeyPickupEffect.prefab
  artifactKey: Guid(7f2a5b8e51085f64d90be0225dfa562b) Importer(815301076,1909f56bfc062723c751e8b465ee728b)
Start importing Assets/Prefabs/Effects/PickupEffects/KeyPickupEffect.prefab using Guid(7f2a5b8e51085f64d90be0225dfa562b) Importer(815301076,1909f56bfc062723c751e8b465ee728b)  -> (artifact id: '38304e38c92c9b7fad3c0def18a15f08') in 0.059284 seconds 
========================================================================
Received Import Request.
  Time since last request: 12.071761 seconds.
  path: Assets/Prefabs/Effects/HitEffects/PlayerHurtEffect.prefab
  artifactKey: Guid(7793bdd3b1237c548832cfb79ed08832) Importer(815301076,1909f56bfc062723c751e8b465ee728b)
Start importing Assets/Prefabs/Effects/HitEffects/PlayerHurtEffect.prefab using Guid(7793bdd3b1237c548832cfb79ed08832) Importer(815301076,1909f56bfc062723c751e8b465ee728b)  -> (artifact id: '7376cfd493b8dc7dda00019707bf810f') in 0.034397 seconds 
========================================================================
Received Import Request.
  Time since last request: 9.066839 seconds.
  path: Assets/Prefabs/Effects/Door/DoorOpenAndCloseEffect.prefab
  artifactKey: Guid(5b1f4cc742bed344e9ee0f44a699bb03) Importer(815301076,1909f56bfc062723c751e8b465ee728b)
Start importing Assets/Prefabs/Effects/Door/DoorOpenAndCloseEffect.prefab using Guid(5b1f4cc742bed344e9ee0f44a699bb03) Importer(815301076,1909f56bfc062723c751e8b465ee728b)  -> (artifact id: '4554f329b6c5720c34f00718e003a8bf') in 0.036056 seconds 
========================================================================
Received Import Request.
  Time since last request: 12.684895 seconds.
  path: Assets/Prefabs/Effects/DeathEffects/PlayerDeathEffect.prefab
  artifactKey: Guid(7cfdfc6cf75bc724ea5f9660e39d9280) Importer(815301076,1909f56bfc062723c751e8b465ee728b)
Start importing Assets/Prefabs/Effects/DeathEffects/PlayerDeathEffect.prefab using Guid(7cfdfc6cf75bc724ea5f9660e39d9280) Importer(815301076,1909f56bfc062723c751e8b465ee728b)  -> (artifact id: 'e695be243c2cd22bd8d24c48772513b6') in 0.031715 seconds 
========================================================================
Received Import Request.
  Time since last request: 9.568429 seconds.
  path: Assets/Prefabs/Effects/CheckpointEffects/CheckpointActivationEffect.prefab
  artifactKey: Guid(ebdb50c3d0cf117498091864b338d300) Importer(815301076,1909f56bfc062723c751e8b465ee728b)
Start importing Assets/Prefabs/Effects/CheckpointEffects/CheckpointActivationEffect.prefab using Guid(ebdb50c3d0cf117498091864b338d300) Importer(815301076,1909f56bfc062723c751e8b465ee728b)  -> (artifact id: 'fdffe07e8ace24c9da3883fe2aca88bc') in 0.039820 seconds 
========================================================================
Received Prepare
Registering precompiled user dll's ...
Registered in 0.007133 seconds.
Begin MonoManager ReloadAssembly
Native extension for WindowsStandalone target not found
Native extension for OSXStandalone target not found
Native extension for WebGL target not found
Refreshing native plugins compatible for Editor in 1.20 ms, found 3 plugins.
Preloading 0 native plugins for Editor in 0.00 ms.
Mono: successfully reloaded assembly
- Completed reload, in  2.858 seconds
Domain Reload Profiling:
	ReloadAssembly (2859ms)
		BeginReloadAssembly (266ms)
			ExecutionOrderSort (0ms)
			DisableScriptedObjects (12ms)
			BackupInstance (0ms)
			ReleaseScriptingObjects (0ms)
			CreateAndSetChildDomain (82ms)
		EndReloadAssembly (2449ms)
			LoadAssemblies (232ms)
			RebuildTransferFunctionScriptingTraits (0ms)
			SetupTypeCache (805ms)
			ReleaseScriptCaches (2ms)
			RebuildScriptCaches (87ms)
			SetupLoadedEditorAssemblies (1120ms)
				LogAssemblyErrors (0ms)
				InitializePlatformSupportModulesInManaged (14ms)
				SetLoadedEditorAssemblies (2ms)
				RefreshPlugins (1ms)
				BeforeProcessingInitializeOnLoad (274ms)
				ProcessInitializeOnLoadAttributes (785ms)
				ProcessInitializeOnLoadMethodAttributes (29ms)
				AfterProcessingInitializeOnLoad (15ms)
				EditorAssembliesLoaded (0ms)
			ExecutionOrderSort2 (0ms)
			AwakeInstancesAfterBackupRestoration (9ms)
Platform modules already initialized, skipping
Refreshing native plugins compatible for Editor in 1.35 ms, found 3 plugins.
Preloading 0 native plugins for Editor in 0.00 ms.
Unloading 2629 Unused Serialized files (Serialized files now loaded: 0)
System memory in use before: 117.4 MB.
System memory in use after: 117.4 MB.

Unloading 21 unused Assets to reduce memory usage. Loaded Objects now: 3131.
Total: 6.367500 ms (FindLiveObjects: 0.296900 ms CreateObjectMapping: 0.417800 ms MarkObjects: 5.468400 ms  DeleteObjects: 0.182500 ms)

AssetImportParameters requested are different than current active one (requested -> active):
  custom:framework-win-MediaFoundation: 216162199b28c13a410421893ffa2e32 -> 
  custom:video-decoder-ogg-theora: a1e56fd34408186e4bbccfd4996cb3dc -> 
  custom:container-muxer-webm: aa71ff27fc2769a1b78a27578f13a17b -> 
  custom:container-demuxer-webm: 4f35f7cbe854078d1ac9338744f61a02 -> 
  custom:container-demuxer-ogg: 62fdf1f143b41e24485cea50d1cbac27 -> 
  custom:video-encoder-webm-vp8: eb34c28f22e8b96e1ab97ce403110664 -> 
  custom:video-decoder-webm-vp8: 9c59270c3fd7afecdb556c50c9e8de78 -> 
  custom:audio-decoder-ogg-vorbis: bf7c407c2cedff20999df2af8eb42d56 -> 
  custom:audio-encoder-webm-vorbis: bf7c407c2cedff20999df2af8eb42d56 -> 
========================================================================
Received Prepare
Registering precompiled user dll's ...
Registered in 0.007971 seconds.
Begin MonoManager ReloadAssembly
Native extension for WindowsStandalone target not found
Native extension for OSXStandalone target not found
Native extension for WebGL target not found
Refreshing native plugins compatible for Editor in 4.08 ms, found 3 plugins.
Preloading 0 native plugins for Editor in 0.00 ms.
Mono: successfully reloaded assembly
- Completed reload, in  5.962 seconds
Domain Reload Profiling:
	ReloadAssembly (5965ms)
		BeginReloadAssembly (591ms)
			ExecutionOrderSort (0ms)
			DisableScriptedObjects (33ms)
			BackupInstance (0ms)
			ReleaseScriptingObjects (1ms)
			CreateAndSetChildDomain (165ms)
		EndReloadAssembly (5054ms)
			LoadAssemblies (568ms)
			RebuildTransferFunctionScriptingTraits (0ms)
			SetupTypeCache (1934ms)
			ReleaseScriptCaches (5ms)
			RebuildScriptCaches (270ms)
			SetupLoadedEditorAssemblies (1771ms)
				LogAssemblyErrors (0ms)
				InitializePlatformSupportModulesInManaged (32ms)
				SetLoadedEditorAssemblies (2ms)
				RefreshPlugins (4ms)
				BeforeProcessingInitializeOnLoad (422ms)
				ProcessInitializeOnLoadAttributes (1199ms)
				ProcessInitializeOnLoadMethodAttributes (74ms)
				AfterProcessingInitializeOnLoad (39ms)
				EditorAssembliesLoaded (0ms)
			ExecutionOrderSort2 (0ms)
			AwakeInstancesAfterBackupRestoration (21ms)
Platform modules already initialized, skipping
Refreshing native plugins compatible for Editor in 13.82 ms, found 3 plugins.
Preloading 0 native plugins for Editor in 0.00 ms.
Unloading 2629 Unused Serialized files (Serialized files now loaded: 0)
System memory in use before: 117.4 MB.
System memory in use after: 117.4 MB.

Unloading 21 unused Assets to reduce memory usage. Loaded Objects now: 3134.
Total: 11.719900 ms (FindLiveObjects: 0.671200 ms CreateObjectMapping: 0.369800 ms MarkObjects: 10.300000 ms  DeleteObjects: 0.376500 ms)

AssetImportParameters requested are different than current active one (requested -> active):
  custom:framework-win-MediaFoundation: 216162199b28c13a410421893ffa2e32 -> 
  custom:video-decoder-ogg-theora: a1e56fd34408186e4bbccfd4996cb3dc -> 
  custom:container-muxer-webm: aa71ff27fc2769a1b78a27578f13a17b -> 
  custom:container-demuxer-webm: 4f35f7cbe854078d1ac9338744f61a02 -> 
  custom:container-demuxer-ogg: 62fdf1f143b41e24485cea50d1cbac27 -> 
  custom:video-encoder-webm-vp8: eb34c28f22e8b96e1ab97ce403110664 -> 
  custom:video-decoder-webm-vp8: 9c59270c3fd7afecdb556c50c9e8de78 -> 
  custom:audio-decoder-ogg-vorbis: bf7c407c2cedff20999df2af8eb42d56 -> 
  custom:audio-encoder-webm-vorbis: bf7c407c2cedff20999df2af8eb42d56 -> 
========================================================================
Received Import Request.
  Time since last request: 454.703379 seconds.
  path: Assets/_Scenes/Level1.unity
  artifactKey: Guid(ee089f8051b84e643af3cf16ef15568e) Importer(815301076,1909f56bfc062723c751e8b465ee728b)
Start importing Assets/_Scenes/Level1.unity using Guid(ee089f8051b84e643af3cf16ef15568e) Importer(815301076,1909f56bfc062723c751e8b465ee728b)  -> (artifact id: '71eeeb6c81e37649cb00a0437f4a78f5') in 0.036025 seconds 
========================================================================
Received Import Request.
  Time since last request: 46.417461 seconds.
  path: Assets/_Scenes/MainMenu.unity
  artifactKey: Guid(3efd518aa85978540aca7c655bb88581) Importer(815301076,1909f56bfc062723c751e8b465ee728b)
Start importing Assets/_Scenes/MainMenu.unity using Guid(3efd518aa85978540aca7c655bb88581) Importer(815301076,1909f56bfc062723c751e8b465ee728b)  -> (artifact id: 'd4bde83eb8a06668f371738b71f3c55a') in 0.020295 seconds 
========================================================================
Received Import Request.
  Time since last request: 119.432914 seconds.
  path: Assets/Art/UI Elements/Fonts/manaspc/manaspc.ttf
  artifactKey: Guid(2c7cc4c3cc08ca44ebdd6f1571de0373) Importer(815301076,1909f56bfc062723c751e8b465ee728b)
Start importing Assets/Art/UI Elements/Fonts/manaspc/manaspc.ttf using Guid(2c7cc4c3cc08ca44ebdd6f1571de0373) Importer(815301076,1909f56bfc062723c751e8b465ee728b)  -> (artifact id: 'ec96937c28cf1e36cbefc89d4df1986e') in 0.300765 seconds 
========================================================================
Received Prepare
Registering precompiled user dll's ...
Registered in 0.082468 seconds.
Begin MonoManager ReloadAssembly
Native extension for WindowsStandalone target not found
Native extension for OSXStandalone target not found
Native extension for WebGL target not found
Refreshing native plugins compatible for Editor in 1.53 ms, found 3 plugins.
Preloading 0 native plugins for Editor in 0.00 ms.
Mono: successfully reloaded assembly
- Completed reload, in  6.115 seconds
Domain Reload Profiling:
	ReloadAssembly (6116ms)
		BeginReloadAssembly (216ms)
			ExecutionOrderSort (0ms)
			DisableScriptedObjects (10ms)
			BackupInstance (0ms)
			ReleaseScriptingObjects (0ms)
			CreateAndSetChildDomain (59ms)
		EndReloadAssembly (5635ms)
			LoadAssemblies (443ms)
			RebuildTransferFunctionScriptingTraits (0ms)
			SetupTypeCache (2270ms)
			ReleaseScriptCaches (4ms)
			RebuildScriptCaches (264ms)
			SetupLoadedEditorAssemblies (1889ms)
				LogAssemblyErrors (0ms)
				InitializePlatformSupportModulesInManaged (36ms)
				SetLoadedEditorAssemblies (1ms)
				RefreshPlugins (2ms)
				BeforeProcessingInitializeOnLoad (479ms)
				ProcessInitializeOnLoadAttributes (1214ms)
				ProcessInitializeOnLoadMethodAttributes (104ms)
				AfterProcessingInitializeOnLoad (53ms)
				EditorAssembliesLoaded (1ms)
			ExecutionOrderSort2 (0ms)
			AwakeInstancesAfterBackupRestoration (28ms)
Platform modules already initialized, skipping
Refreshing native plugins compatible for Editor in 1.77 ms, found 3 plugins.
Preloading 0 native plugins for Editor in 0.00 ms.
Unloading 2629 Unused Serialized files (Serialized files now loaded: 0)
System memory in use before: 117.7 MB.
System memory in use after: 117.8 MB.

Unloading 21 unused Assets to reduce memory usage. Loaded Objects now: 3175.
Total: 14.918100 ms (FindLiveObjects: 1.147400 ms CreateObjectMapping: 1.251300 ms MarkObjects: 11.344600 ms  DeleteObjects: 1.171500 ms)

AssetImportParameters requested are different than current active one (requested -> active):
  custom:framework-win-MediaFoundation: 216162199b28c13a410421893ffa2e32 -> 
  custom:video-decoder-ogg-theora: a1e56fd34408186e4bbccfd4996cb3dc -> 
  custom:container-muxer-webm: aa71ff27fc2769a1b78a27578f13a17b -> 
  custom:container-demuxer-webm: 4f35f7cbe854078d1ac9338744f61a02 -> 
  custom:container-demuxer-ogg: 62fdf1f143b41e24485cea50d1cbac27 -> 
  custom:video-encoder-webm-vp8: eb34c28f22e8b96e1ab97ce403110664 -> 
  custom:video-decoder-webm-vp8: 9c59270c3fd7afecdb556c50c9e8de78 -> 
  custom:audio-decoder-ogg-vorbis: bf7c407c2cedff20999df2af8eb42d56 -> 
  custom:audio-encoder-webm-vorbis: bf7c407c2cedff20999df2af8eb42d56 -> 
========================================================================
Received Prepare
Refreshing native plugins compatible for Editor in 14.10 ms, found 3 plugins.
Preloading 0 native plugins for Editor in 0.00 ms.
Unloading 19 Unused Serialized files (Serialized files now loaded: 0)
System memory in use before: 65.9 MB.
System memory in use after: 65.9 MB.

Unloading 19 unused Assets to reduce memory usage. Loaded Objects now: 3175.
Total: 10.562900 ms (FindLiveObjects: 0.507200 ms CreateObjectMapping: 0.266700 ms MarkObjects: 8.991200 ms  DeleteObjects: 0.794500 ms)

AssetImportParameters requested are different than current active one (requested -> active):
  custom:framework-win-MediaFoundation: 216162199b28c13a410421893ffa2e32 -> 
  custom:video-decoder-ogg-theora: a1e56fd34408186e4bbccfd4996cb3dc -> 
  custom:container-muxer-webm: aa71ff27fc2769a1b78a27578f13a17b -> 
  custom:container-demuxer-webm: 4f35f7cbe854078d1ac9338744f61a02 -> 
  custom:container-demuxer-ogg: 62fdf1f143b41e24485cea50d1cbac27 -> 
  custom:video-encoder-webm-vp8: eb34c28f22e8b96e1ab97ce403110664 -> 
  custom:video-decoder-webm-vp8: 9c59270c3fd7afecdb556c50c9e8de78 -> 
  custom:audio-decoder-ogg-vorbis: bf7c407c2cedff20999df2af8eb42d56 -> 
  custom:audio-encoder-webm-vorbis: bf7c407c2cedff20999df2af8eb42d56 -> 
========================================================================
Received Prepare
Registering precompiled user dll's ...
Registered in 0.007910 seconds.
Begin MonoManager ReloadAssembly
Native extension for WindowsStandalone target not found
Native extension for OSXStandalone target not found
Native extension for WebGL target not found
Refreshing native plugins compatible for Editor in 3.86 ms, found 3 plugins.
Preloading 0 native plugins for Editor in 0.00 ms.
Mono: successfully reloaded assembly
- Completed reload, in  2.522 seconds
Domain Reload Profiling:
	ReloadAssembly (2523ms)
		BeginReloadAssembly (239ms)
			ExecutionOrderSort (0ms)
			DisableScriptedObjects (9ms)
			BackupInstance (0ms)
			ReleaseScriptingObjects (0ms)
			CreateAndSetChildDomain (76ms)
		EndReloadAssembly (2154ms)
			LoadAssemblies (216ms)
			RebuildTransferFunctionScriptingTraits (0ms)
			SetupTypeCache (751ms)
			ReleaseScriptCaches (2ms)
			RebuildScriptCaches (158ms)
			SetupLoadedEditorAssemblies (778ms)
				LogAssemblyErrors (0ms)
				InitializePlatformSupportModulesInManaged (11ms)
				SetLoadedEditorAssemblies (1ms)
				RefreshPlugins (4ms)
				BeforeProcessingInitializeOnLoad (194ms)
				ProcessInitializeOnLoadAttributes (523ms)
				ProcessInitializeOnLoadMethodAttributes (29ms)
				AfterProcessingInitializeOnLoad (16ms)
				EditorAssembliesLoaded (0ms)
			ExecutionOrderSort2 (0ms)
			AwakeInstancesAfterBackupRestoration (11ms)
Platform modules already initialized, skipping
Refreshing native plugins compatible for Editor in 0.77 ms, found 3 plugins.
Preloading 0 native plugins for Editor in 0.00 ms.
Unloading 2629 Unused Serialized files (Serialized files now loaded: 0)
System memory in use before: 117.7 MB.
System memory in use after: 117.8 MB.

Unloading 21 unused Assets to reduce memory usage. Loaded Objects now: 3178.
Total: 5.554500 ms (FindLiveObjects: 0.285000 ms CreateObjectMapping: 0.205000 ms MarkObjects: 4.864800 ms  DeleteObjects: 0.197700 ms)

AssetImportParameters requested are different than current active one (requested -> active):
  custom:framework-win-MediaFoundation: 216162199b28c13a410421893ffa2e32 -> 
  custom:video-decoder-ogg-theora: a1e56fd34408186e4bbccfd4996cb3dc -> 
  custom:container-muxer-webm: aa71ff27fc2769a1b78a27578f13a17b -> 
  custom:container-demuxer-webm: 4f35f7cbe854078d1ac9338744f61a02 -> 
  custom:container-demuxer-ogg: 62fdf1f143b41e24485cea50d1cbac27 -> 
  custom:video-encoder-webm-vp8: eb34c28f22e8b96e1ab97ce403110664 -> 
  custom:video-decoder-webm-vp8: 9c59270c3fd7afecdb556c50c9e8de78 -> 
  custom:audio-decoder-ogg-vorbis: bf7c407c2cedff20999df2af8eb42d56 -> 
  custom:audio-encoder-webm-vorbis: bf7c407c2cedff20999df2af8eb42d56 -> 
========================================================================
Received Prepare
Refreshing native plugins compatible for Editor in 7.12 ms, found 3 plugins.
Preloading 0 native plugins for Editor in 0.00 ms.
Unloading 19 Unused Serialized files (Serialized files now loaded: 0)
System memory in use before: 65.9 MB.
System memory in use after: 66.0 MB.

Unloading 19 unused Assets to reduce memory usage. Loaded Objects now: 3178.
Total: 6.955600 ms (FindLiveObjects: 0.424200 ms CreateObjectMapping: 1.097500 ms MarkObjects: 5.172300 ms  DeleteObjects: 0.260000 ms)

AssetImportParameters requested are different than current active one (requested -> active):
  custom:framework-win-MediaFoundation: 216162199b28c13a410421893ffa2e32 -> 
  custom:video-decoder-ogg-theora: a1e56fd34408186e4bbccfd4996cb3dc -> 
  custom:container-muxer-webm: aa71ff27fc2769a1b78a27578f13a17b -> 
  custom:container-demuxer-webm: 4f35f7cbe854078d1ac9338744f61a02 -> 
  custom:container-demuxer-ogg: 62fdf1f143b41e24485cea50d1cbac27 -> 
  custom:video-encoder-webm-vp8: eb34c28f22e8b96e1ab97ce403110664 -> 
  custom:video-decoder-webm-vp8: 9c59270c3fd7afecdb556c50c9e8de78 -> 
  custom:audio-decoder-ogg-vorbis: bf7c407c2cedff20999df2af8eb42d56 -> 
  custom:audio-encoder-webm-vorbis: bf7c407c2cedff20999df2af8eb42d56 -> 
========================================================================
Received Prepare
Refreshing native plugins compatible for Editor in 8.75 ms, found 3 plugins.
Preloading 0 native plugins for Editor in 0.00 ms.
Unloading 19 Unused Serialized files (Serialized files now loaded: 0)
System memory in use before: 65.9 MB.
System memory in use after: 66.0 MB.

Unloading 19 unused Assets to reduce memory usage. Loaded Objects now: 3178.
Total: 5.850200 ms (FindLiveObjects: 0.315600 ms CreateObjectMapping: 0.234200 ms MarkObjects: 5.111400 ms  DeleteObjects: 0.187200 ms)

AssetImportParameters requested are different than current active one (requested -> active):
  custom:framework-win-MediaFoundation: 216162199b28c13a410421893ffa2e32 -> 
  custom:video-decoder-ogg-theora: a1e56fd34408186e4bbccfd4996cb3dc -> 
  custom:container-muxer-webm: aa71ff27fc2769a1b78a27578f13a17b -> 
  custom:container-demuxer-webm: 4f35f7cbe854078d1ac9338744f61a02 -> 
  custom:container-demuxer-ogg: 62fdf1f143b41e24485cea50d1cbac27 -> 
  custom:video-encoder-webm-vp8: eb34c28f22e8b96e1ab97ce403110664 -> 
  custom:video-decoder-webm-vp8: 9c59270c3fd7afecdb556c50c9e8de78 -> 
  custom:audio-decoder-ogg-vorbis: bf7c407c2cedff20999df2af8eb42d56 -> 
  custom:audio-encoder-webm-vorbis: bf7c407c2cedff20999df2af8eb42d56 -> 
========================================================================
Received Prepare
Registering precompiled user dll's ...
Registered in 0.012125 seconds.
Begin MonoManager ReloadAssembly
Native extension for WindowsStandalone target not found
Native extension for OSXStandalone target not found
Native extension for WebGL target not found
Refreshing native plugins compatible for Editor in 0.72 ms, found 3 plugins.
Preloading 0 native plugins for Editor in 0.00 ms.
Mono: successfully reloaded assembly
- Completed reload, in  3.601 seconds
Domain Reload Profiling:
	ReloadAssembly (3601ms)
		BeginReloadAssembly (343ms)
			ExecutionOrderSort (0ms)
			DisableScriptedObjects (17ms)
			BackupInstance (0ms)
			ReleaseScriptingObjects (0ms)
			CreateAndSetChildDomain (94ms)
		EndReloadAssembly (3107ms)
			LoadAssemblies (300ms)
			RebuildTransferFunctionScriptingTraits (0ms)
			SetupTypeCache (678ms)
			ReleaseScriptCaches (2ms)
			RebuildScriptCaches (89ms)
			SetupLoadedEditorAssemblies (1832ms)
				LogAssemblyErrors (0ms)
				InitializePlatformSupportModulesInManaged (13ms)
				SetLoadedEditorAssemblies (1ms)
				RefreshPlugins (1ms)
				BeforeProcessingInitializeOnLoad (273ms)
				ProcessInitializeOnLoadAttributes (1491ms)
				ProcessInitializeOnLoadMethodAttributes (40ms)
				AfterProcessingInitializeOnLoad (13ms)
				EditorAssembliesLoaded (0ms)
			ExecutionOrderSort2 (0ms)
			AwakeInstancesAfterBackupRestoration (6ms)
Platform modules already initialized, skipping
Refreshing native plugins compatible for Editor in 1.43 ms, found 3 plugins.
Preloading 0 native plugins for Editor in 0.00 ms.
Unloading 2629 Unused Serialized files (Serialized files now loaded: 0)
System memory in use before: 117.7 MB.
System memory in use after: 117.8 MB.

Unloading 21 unused Assets to reduce memory usage. Loaded Objects now: 3181.
Total: 8.180900 ms (FindLiveObjects: 0.848900 ms CreateObjectMapping: 0.647100 ms MarkObjects: 6.429500 ms  DeleteObjects: 0.252500 ms)

AssetImportParameters requested are different than current active one (requested -> active):
  custom:framework-win-MediaFoundation: 216162199b28c13a410421893ffa2e32 -> 
  custom:video-decoder-ogg-theora: a1e56fd34408186e4bbccfd4996cb3dc -> 
  custom:container-muxer-webm: aa71ff27fc2769a1b78a27578f13a17b -> 
  custom:container-demuxer-webm: 4f35f7cbe854078d1ac9338744f61a02 -> 
  custom:container-demuxer-ogg: 62fdf1f143b41e24485cea50d1cbac27 -> 
  custom:video-encoder-webm-vp8: eb34c28f22e8b96e1ab97ce403110664 -> 
  custom:video-decoder-webm-vp8: 9c59270c3fd7afecdb556c50c9e8de78 -> 
  custom:audio-decoder-ogg-vorbis: bf7c407c2cedff20999df2af8eb42d56 -> 
  custom:audio-encoder-webm-vorbis: bf7c407c2cedff20999df2af8eb42d56 -> 
========================================================================
Received Prepare
Refreshing native plugins compatible for Editor in 15.15 ms, found 3 plugins.
Preloading 0 native plugins for Editor in 0.00 ms.
Unloading 19 Unused Serialized files (Serialized files now loaded: 0)
System memory in use before: 65.9 MB.
System memory in use after: 66.0 MB.

Unloading 19 unused Assets to reduce memory usage. Loaded Objects now: 3181.
Total: 8.020000 ms (FindLiveObjects: 0.416900 ms CreateObjectMapping: 0.332500 ms MarkObjects: 7.082300 ms  DeleteObjects: 0.186000 ms)

AssetImportParameters requested are different than current active one (requested -> active):
  custom:framework-win-MediaFoundation: 216162199b28c13a410421893ffa2e32 -> 
  custom:video-decoder-ogg-theora: a1e56fd34408186e4bbccfd4996cb3dc -> 
  custom:container-muxer-webm: aa71ff27fc2769a1b78a27578f13a17b -> 
  custom:container-demuxer-webm: 4f35f7cbe854078d1ac9338744f61a02 -> 
  custom:container-demuxer-ogg: 62fdf1f143b41e24485cea50d1cbac27 -> 
  custom:video-encoder-webm-vp8: eb34c28f22e8b96e1ab97ce403110664 -> 
  custom:video-decoder-webm-vp8: 9c59270c3fd7afecdb556c50c9e8de78 -> 
  custom:audio-decoder-ogg-vorbis: bf7c407c2cedff20999df2af8eb42d56 -> 
  custom:audio-encoder-webm-vorbis: bf7c407c2cedff20999df2af8eb42d56 -> 
========================================================================
Received Prepare
Refreshing native plugins compatible for Editor in 8.03 ms, found 3 plugins.
Preloading 0 native plugins for Editor in 0.00 ms.
Unloading 19 Unused Serialized files (Serialized files now loaded: 0)
System memory in use before: 65.9 MB.
System memory in use after: 66.0 MB.

Unloading 19 unused Assets to reduce memory usage. Loaded Objects now: 3181.
Total: 7.987800 ms (FindLiveObjects: 0.596900 ms CreateObjectMapping: 0.300100 ms MarkObjects: 6.869100 ms  DeleteObjects: 0.219600 ms)

AssetImportParameters requested are different than current active one (requested -> active):
  custom:framework-win-MediaFoundation: 216162199b28c13a410421893ffa2e32 -> 
  custom:video-decoder-ogg-theora: a1e56fd34408186e4bbccfd4996cb3dc -> 
  custom:container-muxer-webm: aa71ff27fc2769a1b78a27578f13a17b -> 
  custom:container-demuxer-webm: 4f35f7cbe854078d1ac9338744f61a02 -> 
  custom:container-demuxer-ogg: 62fdf1f143b41e24485cea50d1cbac27 -> 
  custom:video-encoder-webm-vp8: eb34c28f22e8b96e1ab97ce403110664 -> 
  custom:video-decoder-webm-vp8: 9c59270c3fd7afecdb556c50c9e8de78 -> 
  custom:audio-decoder-ogg-vorbis: bf7c407c2cedff20999df2af8eb42d56 -> 
  custom:audio-encoder-webm-vorbis: bf7c407c2cedff20999df2af8eb42d56 -> 
AssetImportWorkerClient::OnTransportError - code=2 error=End of file
